contracts/types.ts(116,18): error TS2430: Interface 'ThoughtRecord' incorrectly extends interface 'DatabaseRow'.
  Types of property 'created_at' are incompatible.
    Type 'string' is not assignable to type 'Date'.
contracts/types.ts(121,18): error TS2430: Interface 'SegmentRecord' incorrectly extends interface 'DatabaseRow'.
  Types of property 'created_at' are incompatible.
    Type 'string' is not assignable to type 'Date'.
contracts/types.ts(127,3): error TS2687: All declarations of 'title' must have identical modifiers.
contracts/types.ts(203,3): error TS2717: Subsequent property declarations must have the same type.  Property 'description' must be of type 'string', but here has type 'string | null'.
contracts/types.ts(215,3): error TS2687: All declarations of 'title' must have identical modifiers.
contracts/types.ts(215,3): error TS2717: Subsequent property declarations must have the same type.  Property 'title' must be of type 'string | undefined', but here has type 'string | null'.
core/services/portabilityService.ts(30,65): error TS2345: Argument of type 'Thought[]' is not assignable to parameter of type 'ThoughtData[]'.
  Type 'Thought' is not assignable to type 'ThoughtData'.
    Types of property 'description' are incompatible.
      Type 'string | null | undefined' is not assignable to type 'string'.
        Type 'undefined' is not assignable to type 'string'.
core/services/portabilityService.ts(42,9): error TS2322: Type 'Thought[]' is not assignable to type 'ThoughtData[]'.
core/services/portabilityService.ts(145,13): error TS2322: Type '{ thought_bubble_id: string; title: string; description?: string | null | undefined; created_at: string; updated_at: string; color?: string | null | undefined; position?: { x: number; y: number; } | undefined; fields?: Record<...> | undefined; metadata?: Record<...> | undefined; tags?: Tag[] | undefined; segments?: ...' is not assignable to type 'ThoughtData'.
  Types of property 'description' are incompatible.
    Type 'string | null | undefined' is not assignable to type 'string'.
      Type 'undefined' is not assignable to type 'string'.
core/services/portabilityService.ts(148,9): error TS2322: Type 'Segment[] | undefined' is not assignable to type 'SegmentData[] | undefined'.
  Type 'Segment[]' is not assignable to type 'SegmentData[]'.
    Type 'Segment' is not assignable to type 'SegmentData'.
      Types of property 'title' are incompatible.
        Type 'string | null | undefined' is not assignable to type 'string'.
          Type 'undefined' is not assignable to type 'string'.
core/services/portabilityService.ts(207,11): error TS2322: Type 'Thought[]' is not assignable to type 'ThoughtData[]'.
core/services/portabilityService.ts(228,9): error TS2416: Property 'importData' in type 'PortabilityService' is not assignable to the same property in base type 'ThoughtExportProvider'.
  Type '(jsonData: ExportData) => Promise<ServiceResponse<{ imported: number; skipped: number; }>>' is not assignable to type '(data: any) => Promise<void>'.
    Type 'Promise<ServiceResponse<{ imported: number; skipped: number; }>>' is not assignable to type 'Promise<void>'.
      Type 'ServiceResponse<{ imported: number; skipped: number; }>' is not assignable to type 'void'.
core/services/portabilityService.ts(274,67): error TS2345: Argument of type '{ title: string; description: string; tags: TagData[]; position: Position; created_at: string; updated_at: string; metadata: Record<string, unknown>; }' is not assignable to parameter of type 'NewThoughtData'.
  Types of property 'tags' are incompatible.
    Type 'TagData[]' is not assignable to type '{ name: string; color: string; }[]'.
      Type 'TagData' is not assignable to type '{ name: string; color: string; }'.
        Types of property 'color' are incompatible.
          Type 'string | undefined' is not assignable to type 'string'.
            Type 'undefined' is not assignable to type 'string'.
core/storage/sqliteAdapter.ts(81,48): error TS2345: Argument of type 'string | null | undefined' is not assignable to parameter of type 'string | null'.
  Type 'undefined' is not assignable to type 'string | null'.
core/storage/sqliteAdapter.ts(90,15): error TS2322: Type '{ x: number; y: number | null; } | undefined' is not assignable to type '{ x: number; y: number; } | undefined'.
  Type '{ x: number; y: number | null; }' is not assignable to type '{ x: number; y: number; }'.
    Types of property 'y' are incompatible.
      Type 'number | null' is not assignable to type 'number'.
        Type 'null' is not assignable to type 'number'.
core/storage/sqliteAdapter.ts(134,46): error TS2345: Argument of type 'string | null | undefined' is not assignable to parameter of type 'string | null'.
core/storage/sqliteAdapter.ts(143,13): error TS2322: Type '{ x: number; y: number | null; } | undefined' is not assignable to type '{ x: number; y: number; } | undefined'.
  Type '{ x: number; y: number | null; }' is not assignable to type '{ x: number; y: number; }'.
    Types of property 'y' are incompatible.
      Type 'number | null' is not assignable to type 'number'.
        Type 'null' is not assignable to type 'number'.
