{"numFailedTestSuites":9,"numFailedTests":15,"numPassedTestSuites":0,"numPassedTests":2,"numPendingTestSuites":0,"numPendingTests":0,"numRuntimeErrorTestSuites":5,"numTodoTests":0,"numTotalTestSuites":9,"numTotalTests":17,"openHandles":[],"snapshot":{"added":0,"didUpdate":false,"failure":false,"filesAdded":0,"filesRemoved":0,"filesRemovedList":[],"filesUnmatched":0,"filesUpdated":0,"matched":0,"total":0,"unchecked":0,"uncheckedKeysByFile":[],"unmatched":0,"updated":0},"startTime":1746781662682,"success":false,"testResults":[{"assertionResults":[],"coverage":{},"endTime":1746781676886,"message":"  \u001b[1m● \u001b[22mTest suite failed to run\n\n    Cannot find module 'react-cytoscapejs' from 'src/components/__tests__/Canvas.test.jsx'\n\n    \u001b[0m \u001b[90m  7 |\u001b[39m cytoscape\u001b[33m.\u001b[39muse(coseBilkent)\u001b[33m;\u001b[39m\n     \u001b[90m  8 |\u001b[39m\n    \u001b[31m\u001b[1m>\u001b[22m\u001b[39m\u001b[90m  9 |\u001b[39m jest\u001b[33m.\u001b[39mmock(\u001b[32m'react-cytoscapejs'\u001b[39m\u001b[33m,\u001b[39m () \u001b[33m=>\u001b[39m {\n     \u001b[90m    |\u001b[39m      \u001b[31m\u001b[1m^\u001b[22m\u001b[39m\n     \u001b[90m 10 |\u001b[39m   \u001b[36mreturn\u001b[39m \u001b[36mfunction\u001b[39m \u001b[33mMockCytoscape\u001b[39m(props) {\n     \u001b[90m 11 |\u001b[39m     \u001b[36mreturn\u001b[39m \u001b[33m<\u001b[39m\u001b[33mdiv\u001b[39m data\u001b[33m-\u001b[39mtestid\u001b[33m=\u001b[39m\u001b[32m\"cytoscape-mock\"\u001b[39m {\u001b[33m...\u001b[39mprops} \u001b[33m/\u001b[39m\u001b[33m>\u001b[39m\u001b[33m;\u001b[39m\n     \u001b[90m 12 |\u001b[39m   }\u001b[33m;\u001b[39m\u001b[0m\n\n      \u001b[2mat Resolver.resolveModule (\u001b[22mnode_modules/jest-resolve/build/resolver.js\u001b[2m:324:11)\u001b[22m\n      \u001b[2mat Object.<anonymous> (\u001b[22m\u001b[0m\u001b[36msrc/components/__tests__/Canvas.test.jsx\u001b[39m\u001b[0m\u001b[2m:9:6)\u001b[22m\n","name":"/home/runner/workspace/src/components/__tests__/Canvas.test.jsx","startTime":1746781676886,"status":"failed","summary":""},{"assertionResults":[{"ancestorTitles":["Data Handling","Export Handler"],"failureMessages":["ReferenceError: document is not defined\n    at Object.<anonymous> (/home/runner/workspace/src/utils/__tests__/dataHandlers.test.js:32:5)\n    at Promise.then.completed (/home/runner/workspace/node_modules/jest-circus/build/utils.js:391:28)\n    at new Promise (<anonymous>)\n    at callAsyncCircusFn (/home/runner/workspace/node_modules/jest-circus/build/utils.js:316:10)\n    at _callCircusHook (/home/runner/workspace/node_modules/jest-circus/build/run.js:181:40)\n    at processTicksAndRejections (node:internal/process/task_queues:95:5)\n    at _runTest (/home/runner/workspace/node_modules/jest-circus/build/run.js:148:5)\n    at _runTestsForDescribeBlock (/home/runner/workspace/node_modules/jest-circus/build/run.js:66:9)\n    at _runTestsForDescribeBlock (/home/runner/workspace/node_modules/jest-circus/build/run.js:60:9)\n    at _runTestsForDescribeBlock (/home/runner/workspace/node_modules/jest-circus/build/run.js:60:9)"],"fullName":"Data Handling Export Handler exports with correct metadata structure","location":null,"status":"failed","title":"exports with correct metadata structure"},{"ancestorTitles":["Data Handling","Import Handler"],"failureMessages":["ReferenceError: document is not defined\n    at Object.<anonymous> (/home/runner/workspace/src/utils/__tests__/dataHandlers.test.js:32:5)\n    at Promise.then.completed (/home/runner/workspace/node_modules/jest-circus/build/utils.js:391:28)\n    at new Promise (<anonymous>)\n    at callAsyncCircusFn (/home/runner/workspace/node_modules/jest-circus/build/utils.js:316:10)\n    at _callCircusHook (/home/runner/workspace/node_modules/jest-circus/build/run.js:181:40)\n    at processTicksAndRejections (node:internal/process/task_queues:95:5)\n    at _runTest (/home/runner/workspace/node_modules/jest-circus/build/run.js:148:5)\n    at _runTestsForDescribeBlock (/home/runner/workspace/node_modules/jest-circus/build/run.js:66:9)\n    at _runTestsForDescribeBlock (/home/runner/workspace/node_modules/jest-circus/build/run.js:60:9)\n    at _runTestsForDescribeBlock (/home/runner/workspace/node_modules/jest-circus/build/run.js:60:9)"],"fullName":"Data Handling Import Handler normalizes legacy format thoughts","location":null,"status":"failed","title":"normalizes legacy format thoughts"},{"ancestorTitles":["Data Handling","Import Handler"],"failureMessages":["ReferenceError: document is not defined\n    at Object.<anonymous> (/home/runner/workspace/src/utils/__tests__/dataHandlers.test.js:32:5)\n    at Promise.then.completed (/home/runner/workspace/node_modules/jest-circus/build/utils.js:391:28)\n    at new Promise (<anonymous>)\n    at callAsyncCircusFn (/home/runner/workspace/node_modules/jest-circus/build/utils.js:316:10)\n    at _callCircusHook (/home/runner/workspace/node_modules/jest-circus/build/run.js:181:40)\n    at processTicksAndRejections (node:internal/process/task_queues:95:5)\n    at _runTest (/home/runner/workspace/node_modules/jest-circus/build/run.js:148:5)\n    at _runTestsForDescribeBlock (/home/runner/workspace/node_modules/jest-circus/build/run.js:66:9)\n    at _runTestsForDescribeBlock (/home/runner/workspace/node_modules/jest-circus/build/run.js:60:9)\n    at _runTestsForDescribeBlock (/home/runner/workspace/node_modules/jest-circus/build/run.js:60:9)"],"fullName":"Data Handling Import Handler handles modern format with metadata","location":null,"status":"failed","title":"handles modern format with metadata"}],"endTime":1746781672871,"message":"\u001b[1m\u001b[31m  \u001b[1m● \u001b[22m\u001b[1mData Handling › Export Handler › exports with correct metadata structure\u001b[39m\u001b[22m\n\n    \u001b[1m\u001b[31mThe error below may be caused by using the wrong test environment, see \u001b[2m\u001b[4mhttps://jestjs.io/docs/configuration#testenvironment-string\u001b[24m\u001b[22m\u001b[1m.\u001b[39m\u001b[22m\n    \u001b[1m\u001b[31mConsider using the \"jsdom\" test environment.\u001b[39m\u001b[22m\n    \u001b[1m\u001b[31m\u001b[39m\u001b[22m\n    \u001b[1m\u001b[31m\u001b[39m\u001b[22mReferenceError: document is not defined\n\u001b[2m\u001b[22m\n\u001b[2m    \u001b[0m \u001b[90m 30 |\u001b[39m     \u001b[90m// Mock DOM elements\u001b[39m\u001b[22m\n\u001b[2m     \u001b[90m 31 |\u001b[39m     global\u001b[33m.\u001b[39m\u001b[33mURL\u001b[39m\u001b[33m.\u001b[39mcreateObjectURL \u001b[33m=\u001b[39m jest\u001b[33m.\u001b[39mfn()\u001b[33m;\u001b[39m\u001b[22m\n\u001b[2m    \u001b[31m\u001b[1m>\u001b[22m\u001b[2m\u001b[39m\u001b[90m 32 |\u001b[39m     document\u001b[33m.\u001b[39mcreateElement \u001b[33m=\u001b[39m jest\u001b[33m.\u001b[39mfn()\u001b[33m.\u001b[39mmockReturnValue({\u001b[22m\n\u001b[2m     \u001b[90m    |\u001b[39m     \u001b[31m\u001b[1m^\u001b[22m\u001b[2m\u001b[39m\u001b[22m\n\u001b[2m     \u001b[90m 33 |\u001b[39m       setAttribute\u001b[33m:\u001b[39m jest\u001b[33m.\u001b[39mfn()\u001b[33m,\u001b[39m\u001b[22m\n\u001b[2m     \u001b[90m 34 |\u001b[39m       click\u001b[33m:\u001b[39m jest\u001b[33m.\u001b[39mfn()\u001b[33m,\u001b[39m\u001b[22m\n\u001b[2m     \u001b[90m 35 |\u001b[39m       remove\u001b[33m:\u001b[39m jest\u001b[33m.\u001b[39mfn()\u001b[33m,\u001b[39m\u001b[0m\u001b[22m\n\u001b[2m\u001b[22m\n\u001b[2m      \u001b[2mat Object.<anonymous> (\u001b[22m\u001b[2m\u001b[0m\u001b[36msrc/utils/__tests__/dataHandlers.test.js\u001b[39m\u001b[0m\u001b[2m:32:5)\u001b[22m\u001b[2m\u001b[22m\n\n\u001b[1m\u001b[31m  \u001b[1m● \u001b[22m\u001b[1mData Handling › Import Handler › normalizes legacy format thoughts\u001b[39m\u001b[22m\n\n    \u001b[1m\u001b[31mThe error below may be caused by using the wrong test environment, see \u001b[2m\u001b[4mhttps://jestjs.io/docs/configuration#testenvironment-string\u001b[24m\u001b[22m\u001b[1m.\u001b[39m\u001b[22m\n    \u001b[1m\u001b[31mConsider using the \"jsdom\" test environment.\u001b[39m\u001b[22m\n    \u001b[1m\u001b[31m\u001b[39m\u001b[22m\n    \u001b[1m\u001b[31m\u001b[39m\u001b[22mReferenceError: document is not defined\n\u001b[2m\u001b[22m\n\u001b[2m    \u001b[0m \u001b[90m 30 |\u001b[39m     \u001b[90m// Mock DOM elements\u001b[39m\u001b[22m\n\u001b[2m     \u001b[90m 31 |\u001b[39m     global\u001b[33m.\u001b[39m\u001b[33mURL\u001b[39m\u001b[33m.\u001b[39mcreateObjectURL \u001b[33m=\u001b[39m jest\u001b[33m.\u001b[39mfn()\u001b[33m;\u001b[39m\u001b[22m\n\u001b[2m    \u001b[31m\u001b[1m>\u001b[22m\u001b[2m\u001b[39m\u001b[90m 32 |\u001b[39m     document\u001b[33m.\u001b[39mcreateElement \u001b[33m=\u001b[39m jest\u001b[33m.\u001b[39mfn()\u001b[33m.\u001b[39mmockReturnValue({\u001b[22m\n\u001b[2m     \u001b[90m    |\u001b[39m     \u001b[31m\u001b[1m^\u001b[22m\u001b[2m\u001b[39m\u001b[22m\n\u001b[2m     \u001b[90m 33 |\u001b[39m       setAttribute\u001b[33m:\u001b[39m jest\u001b[33m.\u001b[39mfn()\u001b[33m,\u001b[39m\u001b[22m\n\u001b[2m     \u001b[90m 34 |\u001b[39m       click\u001b[33m:\u001b[39m jest\u001b[33m.\u001b[39mfn()\u001b[33m,\u001b[39m\u001b[22m\n\u001b[2m     \u001b[90m 35 |\u001b[39m       remove\u001b[33m:\u001b[39m jest\u001b[33m.\u001b[39mfn()\u001b[33m,\u001b[39m\u001b[0m\u001b[22m\n\u001b[2m\u001b[22m\n\u001b[2m      \u001b[2mat Object.<anonymous> (\u001b[22m\u001b[2m\u001b[0m\u001b[36msrc/utils/__tests__/dataHandlers.test.js\u001b[39m\u001b[0m\u001b[2m:32:5)\u001b[22m\u001b[2m\u001b[22m\n\n\u001b[1m\u001b[31m  \u001b[1m● \u001b[22m\u001b[1mData Handling › Import Handler › handles modern format with metadata\u001b[39m\u001b[22m\n\n    \u001b[1m\u001b[31mThe error below may be caused by using the wrong test environment, see \u001b[2m\u001b[4mhttps://jestjs.io/docs/configuration#testenvironment-string\u001b[24m\u001b[22m\u001b[1m.\u001b[39m\u001b[22m\n    \u001b[1m\u001b[31mConsider using the \"jsdom\" test environment.\u001b[39m\u001b[22m\n    \u001b[1m\u001b[31m\u001b[39m\u001b[22m\n    \u001b[1m\u001b[31m\u001b[39m\u001b[22mReferenceError: document is not defined\n\u001b[2m\u001b[22m\n\u001b[2m    \u001b[0m \u001b[90m 30 |\u001b[39m     \u001b[90m// Mock DOM elements\u001b[39m\u001b[22m\n\u001b[2m     \u001b[90m 31 |\u001b[39m     global\u001b[33m.\u001b[39m\u001b[33mURL\u001b[39m\u001b[33m.\u001b[39mcreateObjectURL \u001b[33m=\u001b[39m jest\u001b[33m.\u001b[39mfn()\u001b[33m;\u001b[39m\u001b[22m\n\u001b[2m    \u001b[31m\u001b[1m>\u001b[22m\u001b[2m\u001b[39m\u001b[90m 32 |\u001b[39m     document\u001b[33m.\u001b[39mcreateElement \u001b[33m=\u001b[39m jest\u001b[33m.\u001b[39mfn()\u001b[33m.\u001b[39mmockReturnValue({\u001b[22m\n\u001b[2m     \u001b[90m    |\u001b[39m     \u001b[31m\u001b[1m^\u001b[22m\u001b[2m\u001b[39m\u001b[22m\n\u001b[2m     \u001b[90m 33 |\u001b[39m       setAttribute\u001b[33m:\u001b[39m jest\u001b[33m.\u001b[39mfn()\u001b[33m,\u001b[39m\u001b[22m\n\u001b[2m     \u001b[90m 34 |\u001b[39m       click\u001b[33m:\u001b[39m jest\u001b[33m.\u001b[39mfn()\u001b[33m,\u001b[39m\u001b[22m\n\u001b[2m     \u001b[90m 35 |\u001b[39m       remove\u001b[33m:\u001b[39m jest\u001b[33m.\u001b[39mfn()\u001b[33m,\u001b[39m\u001b[0m\u001b[22m\n\u001b[2m\u001b[22m\n\u001b[2m      \u001b[2mat Object.<anonymous> (\u001b[22m\u001b[2m\u001b[0m\u001b[36msrc/utils/__tests__/dataHandlers.test.js\u001b[39m\u001b[0m\u001b[2m:32:5)\u001b[22m\u001b[2m\u001b[22m\n","name":"/home/runner/workspace/src/utils/__tests__/dataHandlers.test.js","startTime":1746781664165,"status":"failed","summary":""},{"assertionResults":[{"ancestorTitles":["VoiceInputManager"],"failureMessages":["ReferenceError: window is not defined\n    at Object.<anonymous> (/home/runner/workspace/src/utils/__tests__/VoiceInputManager.test.js:21:5)\n    at Promise.then.completed (/home/runner/workspace/node_modules/jest-circus/build/utils.js:391:28)\n    at new Promise (<anonymous>)\n    at callAsyncCircusFn (/home/runner/workspace/node_modules/jest-circus/build/utils.js:316:10)\n    at _callCircusHook (/home/runner/workspace/node_modules/jest-circus/build/run.js:181:40)\n    at processTicksAndRejections (node:internal/process/task_queues:95:5)\n    at _runTest (/home/runner/workspace/node_modules/jest-circus/build/run.js:148:5)\n    at _runTestsForDescribeBlock (/home/runner/workspace/node_modules/jest-circus/build/run.js:66:9)\n    at _runTestsForDescribeBlock (/home/runner/workspace/node_modules/jest-circus/build/run.js:60:9)\n    at run (/home/runner/workspace/node_modules/jest-circus/build/run.js:25:3)"],"fullName":"VoiceInputManager initializes with correct configuration","location":null,"status":"failed","title":"initializes with correct configuration"},{"ancestorTitles":["VoiceInputManager"],"failureMessages":["ReferenceError: window is not defined\n    at Object.<anonymous> (/home/runner/workspace/src/utils/__tests__/VoiceInputManager.test.js:21:5)\n    at Promise.then.completed (/home/runner/workspace/node_modules/jest-circus/build/utils.js:391:28)\n    at new Promise (<anonymous>)\n    at callAsyncCircusFn (/home/runner/workspace/node_modules/jest-circus/build/utils.js:316:10)\n    at _callCircusHook (/home/runner/workspace/node_modules/jest-circus/build/run.js:181:40)\n    at processTicksAndRejections (node:internal/process/task_queues:95:5)\n    at _runTest (/home/runner/workspace/node_modules/jest-circus/build/run.js:148:5)\n    at _runTestsForDescribeBlock (/home/runner/workspace/node_modules/jest-circus/build/run.js:66:9)\n    at _runTestsForDescribeBlock (/home/runner/workspace/node_modules/jest-circus/build/run.js:60:9)\n    at run (/home/runner/workspace/node_modules/jest-circus/build/run.js:25:3)"],"fullName":"VoiceInputManager handles start/stop listening correctly","location":null,"status":"failed","title":"handles start/stop listening correctly"},{"ancestorTitles":["VoiceInputManager"],"failureMessages":["ReferenceError: window is not defined\n    at Object.<anonymous> (/home/runner/workspace/src/utils/__tests__/VoiceInputManager.test.js:21:5)\n    at Promise.then.completed (/home/runner/workspace/node_modules/jest-circus/build/utils.js:391:28)\n    at new Promise (<anonymous>)\n    at callAsyncCircusFn (/home/runner/workspace/node_modules/jest-circus/build/utils.js:316:10)\n    at _callCircusHook (/home/runner/workspace/node_modules/jest-circus/build/run.js:181:40)\n    at processTicksAndRejections (node:internal/process/task_queues:95:5)\n    at _runTest (/home/runner/workspace/node_modules/jest-circus/build/run.js:148:5)\n    at _runTestsForDescribeBlock (/home/runner/workspace/node_modules/jest-circus/build/run.js:66:9)\n    at _runTestsForDescribeBlock (/home/runner/workspace/node_modules/jest-circus/build/run.js:60:9)\n    at run (/home/runner/workspace/node_modules/jest-circus/build/run.js:25:3)"],"fullName":"VoiceInputManager handles speech recognition results","location":null,"status":"failed","title":"handles speech recognition results"},{"ancestorTitles":["VoiceInputManager"],"failureMessages":["ReferenceError: window is not defined\n    at Object.<anonymous> (/home/runner/workspace/src/utils/__tests__/VoiceInputManager.test.js:21:5)\n    at Promise.then.completed (/home/runner/workspace/node_modules/jest-circus/build/utils.js:391:28)\n    at new Promise (<anonymous>)\n    at callAsyncCircusFn (/home/runner/workspace/node_modules/jest-circus/build/utils.js:316:10)\n    at _callCircusHook (/home/runner/workspace/node_modules/jest-circus/build/run.js:181:40)\n    at processTicksAndRejections (node:internal/process/task_queues:95:5)\n    at _runTest (/home/runner/workspace/node_modules/jest-circus/build/run.js:148:5)\n    at _runTestsForDescribeBlock (/home/runner/workspace/node_modules/jest-circus/build/run.js:66:9)\n    at _runTestsForDescribeBlock (/home/runner/workspace/node_modules/jest-circus/build/run.js:60:9)\n    at run (/home/runner/workspace/node_modules/jest-circus/build/run.js:25:3)"],"fullName":"VoiceInputManager handles speech recognition errors","location":null,"status":"failed","title":"handles speech recognition errors"},{"ancestorTitles":["VoiceInputManager"],"failureMessages":["ReferenceError: window is not defined\n    at Object.<anonymous> (/home/runner/workspace/src/utils/__tests__/VoiceInputManager.test.js:21:5)\n    at Promise.then.completed (/home/runner/workspace/node_modules/jest-circus/build/utils.js:391:28)\n    at new Promise (<anonymous>)\n    at callAsyncCircusFn (/home/runner/workspace/node_modules/jest-circus/build/utils.js:316:10)\n    at _callCircusHook (/home/runner/workspace/node_modules/jest-circus/build/run.js:181:40)\n    at processTicksAndRejections (node:internal/process/task_queues:95:5)\n    at _runTest (/home/runner/workspace/node_modules/jest-circus/build/run.js:148:5)\n    at _runTestsForDescribeBlock (/home/runner/workspace/node_modules/jest-circus/build/run.js:66:9)\n    at _runTestsForDescribeBlock (/home/runner/workspace/node_modules/jest-circus/build/run.js:60:9)\n    at run (/home/runner/workspace/node_modules/jest-circus/build/run.js:25:3)"],"fullName":"VoiceInputManager checks browser support correctly","location":null,"status":"failed","title":"checks browser support correctly"}],"endTime":1746781673663,"message":"\u001b[1m\u001b[31m  \u001b[1m● \u001b[22m\u001b[1mVoiceInputManager › initializes with correct configuration\u001b[39m\u001b[22m\n\n    \u001b[1m\u001b[31mThe error below may be caused by using the wrong test environment, see \u001b[2m\u001b[4mhttps://jestjs.io/docs/configuration#testenvironment-string\u001b[24m\u001b[22m\u001b[1m.\u001b[39m\u001b[22m\n    \u001b[1m\u001b[31mConsider using the \"jsdom\" test environment.\u001b[39m\u001b[22m\n    \u001b[1m\u001b[31m\u001b[39m\u001b[22m\n    \u001b[1m\u001b[31m\u001b[39m\u001b[22mReferenceError: window is not defined\n\u001b[2m\u001b[22m\n\u001b[2m    \u001b[0m \u001b[90m 19 |\u001b[39m     }\u001b[33m;\u001b[39m\u001b[22m\n\u001b[2m     \u001b[90m 20 |\u001b[39m\u001b[22m\n\u001b[2m    \u001b[31m\u001b[1m>\u001b[22m\u001b[2m\u001b[39m\u001b[90m 21 |\u001b[39m     window\u001b[33m.\u001b[39mwebkitSpeechRecognition \u001b[33m=\u001b[39m jest\u001b[33m.\u001b[39mfn(() \u001b[33m=>\u001b[39m mockRecognition)\u001b[33m;\u001b[39m\u001b[22m\n\u001b[2m     \u001b[90m    |\u001b[39m     \u001b[31m\u001b[1m^\u001b[22m\u001b[2m\u001b[39m\u001b[22m\n\u001b[2m     \u001b[90m 22 |\u001b[39m   })\u001b[33m;\u001b[39m\u001b[22m\n\u001b[2m     \u001b[90m 23 |\u001b[39m\u001b[22m\n\u001b[2m     \u001b[90m 24 |\u001b[39m   test(\u001b[32m'initializes with correct configuration'\u001b[39m\u001b[33m,\u001b[39m () \u001b[33m=>\u001b[39m {\u001b[0m\u001b[22m\n\u001b[2m\u001b[22m\n\u001b[2m      \u001b[2mat Object.<anonymous> (\u001b[22m\u001b[2m\u001b[0m\u001b[36msrc/utils/__tests__/VoiceInputManager.test.js\u001b[39m\u001b[0m\u001b[2m:21:5)\u001b[22m\u001b[2m\u001b[22m\n\n\u001b[1m\u001b[31m  \u001b[1m● \u001b[22m\u001b[1mVoiceInputManager › handles start/stop listening correctly\u001b[39m\u001b[22m\n\n    \u001b[1m\u001b[31mThe error below may be caused by using the wrong test environment, see \u001b[2m\u001b[4mhttps://jestjs.io/docs/configuration#testenvironment-string\u001b[24m\u001b[22m\u001b[1m.\u001b[39m\u001b[22m\n    \u001b[1m\u001b[31mConsider using the \"jsdom\" test environment.\u001b[39m\u001b[22m\n    \u001b[1m\u001b[31m\u001b[39m\u001b[22m\n    \u001b[1m\u001b[31m\u001b[39m\u001b[22mReferenceError: window is not defined\n\u001b[2m\u001b[22m\n\u001b[2m    \u001b[0m \u001b[90m 19 |\u001b[39m     }\u001b[33m;\u001b[39m\u001b[22m\n\u001b[2m     \u001b[90m 20 |\u001b[39m\u001b[22m\n\u001b[2m    \u001b[31m\u001b[1m>\u001b[22m\u001b[2m\u001b[39m\u001b[90m 21 |\u001b[39m     window\u001b[33m.\u001b[39mwebkitSpeechRecognition \u001b[33m=\u001b[39m jest\u001b[33m.\u001b[39mfn(() \u001b[33m=>\u001b[39m mockRecognition)\u001b[33m;\u001b[39m\u001b[22m\n\u001b[2m     \u001b[90m    |\u001b[39m     \u001b[31m\u001b[1m^\u001b[22m\u001b[2m\u001b[39m\u001b[22m\n\u001b[2m     \u001b[90m 22 |\u001b[39m   })\u001b[33m;\u001b[39m\u001b[22m\n\u001b[2m     \u001b[90m 23 |\u001b[39m\u001b[22m\n\u001b[2m     \u001b[90m 24 |\u001b[39m   test(\u001b[32m'initializes with correct configuration'\u001b[39m\u001b[33m,\u001b[39m () \u001b[33m=>\u001b[39m {\u001b[0m\u001b[22m\n\u001b[2m\u001b[22m\n\u001b[2m      \u001b[2mat Object.<anonymous> (\u001b[22m\u001b[2m\u001b[0m\u001b[36msrc/utils/__tests__/VoiceInputManager.test.js\u001b[39m\u001b[0m\u001b[2m:21:5)\u001b[22m\u001b[2m\u001b[22m\n\n\u001b[1m\u001b[31m  \u001b[1m● \u001b[22m\u001b[1mVoiceInputManager › handles speech recognition results\u001b[39m\u001b[22m\n\n    \u001b[1m\u001b[31mThe error below may be caused by using the wrong test environment, see \u001b[2m\u001b[4mhttps://jestjs.io/docs/configuration#testenvironment-string\u001b[24m\u001b[22m\u001b[1m.\u001b[39m\u001b[22m\n    \u001b[1m\u001b[31mConsider using the \"jsdom\" test environment.\u001b[39m\u001b[22m\n    \u001b[1m\u001b[31m\u001b[39m\u001b[22m\n    \u001b[1m\u001b[31m\u001b[39m\u001b[22mReferenceError: window is not defined\n\u001b[2m\u001b[22m\n\u001b[2m    \u001b[0m \u001b[90m 19 |\u001b[39m     }\u001b[33m;\u001b[39m\u001b[22m\n\u001b[2m     \u001b[90m 20 |\u001b[39m\u001b[22m\n\u001b[2m    \u001b[31m\u001b[1m>\u001b[22m\u001b[2m\u001b[39m\u001b[90m 21 |\u001b[39m     window\u001b[33m.\u001b[39mwebkitSpeechRecognition \u001b[33m=\u001b[39m jest\u001b[33m.\u001b[39mfn(() \u001b[33m=>\u001b[39m mockRecognition)\u001b[33m;\u001b[39m\u001b[22m\n\u001b[2m     \u001b[90m    |\u001b[39m     \u001b[31m\u001b[1m^\u001b[22m\u001b[2m\u001b[39m\u001b[22m\n\u001b[2m     \u001b[90m 22 |\u001b[39m   })\u001b[33m;\u001b[39m\u001b[22m\n\u001b[2m     \u001b[90m 23 |\u001b[39m\u001b[22m\n\u001b[2m     \u001b[90m 24 |\u001b[39m   test(\u001b[32m'initializes with correct configuration'\u001b[39m\u001b[33m,\u001b[39m () \u001b[33m=>\u001b[39m {\u001b[0m\u001b[22m\n\u001b[2m\u001b[22m\n\u001b[2m      \u001b[2mat Object.<anonymous> (\u001b[22m\u001b[2m\u001b[0m\u001b[36msrc/utils/__tests__/VoiceInputManager.test.js\u001b[39m\u001b[0m\u001b[2m:21:5)\u001b[22m\u001b[2m\u001b[22m\n\n\u001b[1m\u001b[31m  \u001b[1m● \u001b[22m\u001b[1mVoiceInputManager › handles speech recognition errors\u001b[39m\u001b[22m\n\n    \u001b[1m\u001b[31mThe error below may be caused by using the wrong test environment, see \u001b[2m\u001b[4mhttps://jestjs.io/docs/configuration#testenvironment-string\u001b[24m\u001b[22m\u001b[1m.\u001b[39m\u001b[22m\n    \u001b[1m\u001b[31mConsider using the \"jsdom\" test environment.\u001b[39m\u001b[22m\n    \u001b[1m\u001b[31m\u001b[39m\u001b[22m\n    \u001b[1m\u001b[31m\u001b[39m\u001b[22mReferenceError: window is not defined\n\u001b[2m\u001b[22m\n\u001b[2m    \u001b[0m \u001b[90m 19 |\u001b[39m     }\u001b[33m;\u001b[39m\u001b[22m\n\u001b[2m     \u001b[90m 20 |\u001b[39m\u001b[22m\n\u001b[2m    \u001b[31m\u001b[1m>\u001b[22m\u001b[2m\u001b[39m\u001b[90m 21 |\u001b[39m     window\u001b[33m.\u001b[39mwebkitSpeechRecognition \u001b[33m=\u001b[39m jest\u001b[33m.\u001b[39mfn(() \u001b[33m=>\u001b[39m mockRecognition)\u001b[33m;\u001b[39m\u001b[22m\n\u001b[2m     \u001b[90m    |\u001b[39m     \u001b[31m\u001b[1m^\u001b[22m\u001b[2m\u001b[39m\u001b[22m\n\u001b[2m     \u001b[90m 22 |\u001b[39m   })\u001b[33m;\u001b[39m\u001b[22m\n\u001b[2m     \u001b[90m 23 |\u001b[39m\u001b[22m\n\u001b[2m     \u001b[90m 24 |\u001b[39m   test(\u001b[32m'initializes with correct configuration'\u001b[39m\u001b[33m,\u001b[39m () \u001b[33m=>\u001b[39m {\u001b[0m\u001b[22m\n\u001b[2m\u001b[22m\n\u001b[2m      \u001b[2mat Object.<anonymous> (\u001b[22m\u001b[2m\u001b[0m\u001b[36msrc/utils/__tests__/VoiceInputManager.test.js\u001b[39m\u001b[0m\u001b[2m:21:5)\u001b[22m\u001b[2m\u001b[22m\n\n\u001b[1m\u001b[31m  \u001b[1m● \u001b[22m\u001b[1mVoiceInputManager › checks browser support correctly\u001b[39m\u001b[22m\n\n    \u001b[1m\u001b[31mThe error below may be caused by using the wrong test environment, see \u001b[2m\u001b[4mhttps://jestjs.io/docs/configuration#testenvironment-string\u001b[24m\u001b[22m\u001b[1m.\u001b[39m\u001b[22m\n    \u001b[1m\u001b[31mConsider using the \"jsdom\" test environment.\u001b[39m\u001b[22m\n    \u001b[1m\u001b[31m\u001b[39m\u001b[22m\n    \u001b[1m\u001b[31m\u001b[39m\u001b[22mReferenceError: window is not defined\n\u001b[2m\u001b[22m\n\u001b[2m    \u001b[0m \u001b[90m 19 |\u001b[39m     }\u001b[33m;\u001b[39m\u001b[22m\n\u001b[2m     \u001b[90m 20 |\u001b[39m\u001b[22m\n\u001b[2m    \u001b[31m\u001b[1m>\u001b[22m\u001b[2m\u001b[39m\u001b[90m 21 |\u001b[39m     window\u001b[33m.\u001b[39mwebkitSpeechRecognition \u001b[33m=\u001b[39m jest\u001b[33m.\u001b[39mfn(() \u001b[33m=>\u001b[39m mockRecognition)\u001b[33m;\u001b[39m\u001b[22m\n\u001b[2m     \u001b[90m    |\u001b[39m     \u001b[31m\u001b[1m^\u001b[22m\u001b[2m\u001b[39m\u001b[22m\n\u001b[2m     \u001b[90m 22 |\u001b[39m   })\u001b[33m;\u001b[39m\u001b[22m\n\u001b[2m     \u001b[90m 23 |\u001b[39m\u001b[22m\n\u001b[2m     \u001b[90m 24 |\u001b[39m   test(\u001b[32m'initializes with correct configuration'\u001b[39m\u001b[33m,\u001b[39m () \u001b[33m=>\u001b[39m {\u001b[0m\u001b[22m\n\u001b[2m\u001b[22m\n\u001b[2m      \u001b[2mat Object.<anonymous> (\u001b[22m\u001b[2m\u001b[0m\u001b[36msrc/utils/__tests__/VoiceInputManager.test.js\u001b[39m\u001b[0m\u001b[2m:21:5)\u001b[22m\u001b[2m\u001b[22m\n","name":"/home/runner/workspace/src/utils/__tests__/VoiceInputManager.test.js","startTime":1746781664253,"status":"failed","summary":""},{"assertionResults":[{"ancestorTitles":["eventBus"],"failureMessages":[],"fullName":"eventBus newBubbleId generates unique IDs","location":null,"status":"passed","title":"newBubbleId generates unique IDs"},{"ancestorTitles":["eventBus"],"failureMessages":[],"fullName":"eventBus newSegmentId generates unique IDs","location":null,"status":"passed","title":"newSegmentId generates unique IDs"},{"ancestorTitles":["eventBus"],"failureMessages":["Error: \u001b[2mexpect(\u001b[22m\u001b[31mreceived\u001b[39m\u001b[2m).\u001b[22mtoMatch\u001b[2m(\u001b[22m\u001b[32mexpected\u001b[39m\u001b[2m)\u001b[22m\n\nExpected pattern: \u001b[32m/^[a-f0-9-]+$/\u001b[39m\nReceived string:  \u001b[31m\"tb_01JTT4T6C50SVTTTF60NK180N7\"\u001b[39m\n    at Object.<anonymous> (/home/runner/workspace/src/utils/__tests__/eventBus.test.js:22:22)\n    at Promise.then.completed (/home/runner/workspace/node_modules/jest-circus/build/utils.js:391:28)\n    at new Promise (<anonymous>)\n    at callAsyncCircusFn (/home/runner/workspace/node_modules/jest-circus/build/utils.js:316:10)\n    at _callCircusTest (/home/runner/workspace/node_modules/jest-circus/build/run.js:218:40)\n    at processTicksAndRejections (node:internal/process/task_queues:95:5)\n    at _runTest (/home/runner/workspace/node_modules/jest-circus/build/run.js:155:3)\n    at _runTestsForDescribeBlock (/home/runner/workspace/node_modules/jest-circus/build/run.js:66:9)\n    at _runTestsForDescribeBlock (/home/runner/workspace/node_modules/jest-circus/build/run.js:60:9)\n    at run (/home/runner/workspace/node_modules/jest-circus/build/run.js:25:3)"],"fullName":"eventBus IDs follow expected format","location":null,"status":"failed","title":"IDs follow expected format"}],"endTime":1746781674051,"message":"\u001b[1m\u001b[31m  \u001b[1m● \u001b[22m\u001b[1meventBus › IDs follow expected format\u001b[39m\u001b[22m\n\n    \u001b[2mexpect(\u001b[22m\u001b[31mreceived\u001b[39m\u001b[2m).\u001b[22mtoMatch\u001b[2m(\u001b[22m\u001b[32mexpected\u001b[39m\u001b[2m)\u001b[22m\n\n    Expected pattern: \u001b[32m/^[a-f0-9-]+$/\u001b[39m\n    Received string:  \u001b[31m\"tb_01JTT4T6C50SVTTTF60NK180N7\"\u001b[39m\n\u001b[2m\u001b[22m\n\u001b[2m    \u001b[0m \u001b[90m 20 |\u001b[39m     \u001b[36mconst\u001b[39m bubbleId \u001b[33m=\u001b[39m newBubbleId()\u001b[33m;\u001b[39m\u001b[22m\n\u001b[2m     \u001b[90m 21 |\u001b[39m     \u001b[36mconst\u001b[39m segmentId \u001b[33m=\u001b[39m newSegmentId()\u001b[33m;\u001b[39m\u001b[22m\n\u001b[2m    \u001b[31m\u001b[1m>\u001b[22m\u001b[2m\u001b[39m\u001b[90m 22 |\u001b[39m     expect(bubbleId)\u001b[33m.\u001b[39mtoMatch(\u001b[35m/^[a-f0-9-]+$/\u001b[39m)\u001b[33m;\u001b[39m\u001b[22m\n\u001b[2m     \u001b[90m    |\u001b[39m                      \u001b[31m\u001b[1m^\u001b[22m\u001b[2m\u001b[39m\u001b[22m\n\u001b[2m     \u001b[90m 23 |\u001b[39m     expect(segmentId)\u001b[33m.\u001b[39mtoMatch(\u001b[35m/^[a-f0-9-]+$/\u001b[39m)\u001b[33m;\u001b[39m\u001b[22m\n\u001b[2m     \u001b[90m 24 |\u001b[39m   })\u001b[33m;\u001b[39m\u001b[22m\n\u001b[2m     \u001b[90m 25 |\u001b[39m })\u001b[33m;\u001b[39m\u001b[0m\u001b[22m\n\u001b[2m\u001b[22m\n\u001b[2m      \u001b[2mat Object.<anonymous> (\u001b[22m\u001b[2m\u001b[0m\u001b[36msrc/utils/__tests__/eventBus.test.js\u001b[39m\u001b[0m\u001b[2m:22:22)\u001b[22m\u001b[2m\u001b[22m\n","name":"/home/runner/workspace/src/utils/__tests__/eventBus.test.js","startTime":1746781672654,"status":"failed","summary":""},{"assertionResults":[],"coverage":{},"endTime":1746781676886,"message":"  \u001b[1m● \u001b[22mTest suite failed to run\n\n    ReferenceError: localStorage is not defined\n\n    \u001b[0m \u001b[90m  5 |\u001b[39m\n     \u001b[90m  6 |\u001b[39m   loadState() {\n    \u001b[31m\u001b[1m>\u001b[22m\u001b[39m\u001b[90m  7 |\u001b[39m     \u001b[36mconst\u001b[39m savedState \u001b[33m=\u001b[39m localStorage\u001b[33m.\u001b[39mgetItem(\u001b[32m'thoughtweb-state'\u001b[39m)\u001b[33m;\u001b[39m\n     \u001b[90m    |\u001b[39m                        \u001b[31m\u001b[1m^\u001b[22m\u001b[39m\n     \u001b[90m  8 |\u001b[39m     \u001b[36mif\u001b[39m (savedState) {\n     \u001b[90m  9 |\u001b[39m       \u001b[36mconst\u001b[39m state \u001b[33m=\u001b[39m \u001b[33mJSON\u001b[39m\u001b[33m.\u001b[39mparse(savedState)\u001b[33m;\u001b[39m\n     \u001b[90m 10 |\u001b[39m       \u001b[36mthis\u001b[39m\u001b[33m.\u001b[39mnodes \u001b[33m=\u001b[39m \u001b[36mnew\u001b[39m \u001b[33mMap\u001b[39m(state\u001b[33m.\u001b[39mnodes)\u001b[33m;\u001b[39m\u001b[0m\n\n      \u001b[2mat GraphService.loadState (\u001b[22msrc/services/graphService.js\u001b[2m:7:24)\u001b[22m\n      \u001b[2mat new GraphService (\u001b[22msrc/services/graphService.js\u001b[2m:3:10)\u001b[22m\n      \u001b[2mat Object.<anonymous> (\u001b[22msrc/services/graphService.js\u001b[2m:82:29)\u001b[22m\n      \u001b[2mat Object.<anonymous> (\u001b[22m\u001b[0m\u001b[36msrc/services/__tests__/graphService.test.js\u001b[39m\u001b[0m\u001b[2m:2:1)\u001b[22m\n","name":"/home/runner/workspace/src/services/__tests__/graphService.test.js","startTime":1746781676886,"status":"failed","summary":""},{"assertionResults":[],"coverage":{},"endTime":1746781676886,"message":"  \u001b[1m● \u001b[22mTest suite failed to run\n\n    ReferenceError: localStorage is not defined\n\n    \u001b[0m \u001b[90m  5 |\u001b[39m\n     \u001b[90m  6 |\u001b[39m   loadState() {\n    \u001b[31m\u001b[1m>\u001b[22m\u001b[39m\u001b[90m  7 |\u001b[39m     \u001b[36mconst\u001b[39m savedState \u001b[33m=\u001b[39m localStorage\u001b[33m.\u001b[39mgetItem(\u001b[32m'thoughtweb-state'\u001b[39m)\u001b[33m;\u001b[39m\n     \u001b[90m    |\u001b[39m                        \u001b[31m\u001b[1m^\u001b[22m\u001b[39m\n     \u001b[90m  8 |\u001b[39m     \u001b[36mif\u001b[39m (savedState) {\n     \u001b[90m  9 |\u001b[39m       \u001b[36mconst\u001b[39m state \u001b[33m=\u001b[39m \u001b[33mJSON\u001b[39m\u001b[33m.\u001b[39mparse(savedState)\u001b[33m;\u001b[39m\n     \u001b[90m 10 |\u001b[39m       \u001b[36mthis\u001b[39m\u001b[33m.\u001b[39mnodes \u001b[33m=\u001b[39m \u001b[36mnew\u001b[39m \u001b[33mMap\u001b[39m(state\u001b[33m.\u001b[39mnodes)\u001b[33m;\u001b[39m\u001b[0m\n\n      \u001b[2mat GraphService.loadState (\u001b[22msrc/services/graphService.js\u001b[2m:7:24)\u001b[22m\n      \u001b[2mat new GraphService (\u001b[22msrc/services/graphService.js\u001b[2m:3:10)\u001b[22m\n      \u001b[2mat Object.<anonymous> (\u001b[22msrc/services/graphService.js\u001b[2m:82:29)\u001b[22m\n      \u001b[2mat Object.<anonymous> (\u001b[22msrc/components/ThoughtDetailPanel.jsx\u001b[2m:2:1)\u001b[22m\n","name":"/home/runner/workspace/src/components/__tests__/ThoughtDetailPanel.test.jsx","startTime":1746781676886,"status":"failed","summary":""},{"assertionResults":[],"coverage":{},"endTime":1746781676886,"message":"  \u001b[1m● \u001b[22mTest suite failed to run\n\n    ReferenceError: localStorage is not defined\n\n    \u001b[0m \u001b[90m  5 |\u001b[39m\n     \u001b[90m  6 |\u001b[39m   loadState() {\n    \u001b[31m\u001b[1m>\u001b[22m\u001b[39m\u001b[90m  7 |\u001b[39m     \u001b[36mconst\u001b[39m savedState \u001b[33m=\u001b[39m localStorage\u001b[33m.\u001b[39mgetItem(\u001b[32m'thoughtweb-state'\u001b[39m)\u001b[33m;\u001b[39m\n     \u001b[90m    |\u001b[39m                        \u001b[31m\u001b[1m^\u001b[22m\u001b[39m\n     \u001b[90m  8 |\u001b[39m     \u001b[36mif\u001b[39m (savedState) {\n     \u001b[90m  9 |\u001b[39m       \u001b[36mconst\u001b[39m state \u001b[33m=\u001b[39m \u001b[33mJSON\u001b[39m\u001b[33m.\u001b[39mparse(savedState)\u001b[33m;\u001b[39m\n     \u001b[90m 10 |\u001b[39m       \u001b[36mthis\u001b[39m\u001b[33m.\u001b[39mnodes \u001b[33m=\u001b[39m \u001b[36mnew\u001b[39m \u001b[33mMap\u001b[39m(state\u001b[33m.\u001b[39mnodes)\u001b[33m;\u001b[39m\u001b[0m\n\n      \u001b[2mat GraphService.loadState (\u001b[22msrc/services/graphService.js\u001b[2m:7:24)\u001b[22m\n      \u001b[2mat new GraphService (\u001b[22msrc/services/graphService.js\u001b[2m:3:10)\u001b[22m\n      \u001b[2mat Object.<anonymous> (\u001b[22msrc/services/graphService.js\u001b[2m:82:29)\u001b[22m\n      \u001b[2mat Object.<anonymous> (\u001b[22msrc/App.jsx\u001b[2m:4:1)\u001b[22m\n","name":"/home/runner/workspace/src/App.test.js","startTime":1746781676886,"status":"failed","summary":""},{"assertionResults":[{"ancestorTitles":["AddThoughtModal"],"failureMessages":["ReferenceError: window is not defined\n    at Object.<anonymous> (/home/runner/workspace/src/components/__tests__/AddThoughtModal.test.jsx:12:5)\n    at Promise.then.completed (/home/runner/workspace/node_modules/jest-circus/build/utils.js:391:28)\n    at new Promise (<anonymous>)\n    at callAsyncCircusFn (/home/runner/workspace/node_modules/jest-circus/build/utils.js:316:10)\n    at _callCircusHook (/home/runner/workspace/node_modules/jest-circus/build/run.js:181:40)\n    at processTicksAndRejections (node:internal/process/task_queues:95:5)\n    at _runTest (/home/runner/workspace/node_modules/jest-circus/build/run.js:148:5)\n    at _runTestsForDescribeBlock (/home/runner/workspace/node_modules/jest-circus/build/run.js:66:9)\n    at _runTestsForDescribeBlock (/home/runner/workspace/node_modules/jest-circus/build/run.js:60:9)\n    at run (/home/runner/workspace/node_modules/jest-circus/build/run.js:25:3)"],"fullName":"AddThoughtModal renders all form elements","location":null,"status":"failed","title":"renders all form elements"},{"ancestorTitles":["AddThoughtModal"],"failureMessages":["ReferenceError: window is not defined\n    at Object.<anonymous> (/home/runner/workspace/src/components/__tests__/AddThoughtModal.test.jsx:12:5)\n    at Promise.then.completed (/home/runner/workspace/node_modules/jest-circus/build/utils.js:391:28)\n    at new Promise (<anonymous>)\n    at callAsyncCircusFn (/home/runner/workspace/node_modules/jest-circus/build/utils.js:316:10)\n    at _callCircusHook (/home/runner/workspace/node_modules/jest-circus/build/run.js:181:40)\n    at processTicksAndRejections (node:internal/process/task_queues:95:5)\n    at _runTest (/home/runner/workspace/node_modules/jest-circus/build/run.js:148:5)\n    at _runTestsForDescribeBlock (/home/runner/workspace/node_modules/jest-circus/build/run.js:66:9)\n    at _runTestsForDescribeBlock (/home/runner/workspace/node_modules/jest-circus/build/run.js:60:9)\n    at run (/home/runner/workspace/node_modules/jest-circus/build/run.js:25:3)"],"fullName":"AddThoughtModal validates title before submission","location":null,"status":"failed","title":"validates title before submission"},{"ancestorTitles":["AddThoughtModal"],"failureMessages":["ReferenceError: window is not defined\n    at Object.<anonymous> (/home/runner/workspace/src/components/__tests__/AddThoughtModal.test.jsx:12:5)\n    at Promise.then.completed (/home/runner/workspace/node_modules/jest-circus/build/utils.js:391:28)\n    at new Promise (<anonymous>)\n    at callAsyncCircusFn (/home/runner/workspace/node_modules/jest-circus/build/utils.js:316:10)\n    at _callCircusHook (/home/runner/workspace/node_modules/jest-circus/build/run.js:181:40)\n    at processTicksAndRejections (node:internal/process/task_queues:95:5)\n    at _runTest (/home/runner/workspace/node_modules/jest-circus/build/run.js:148:5)\n    at _runTestsForDescribeBlock (/home/runner/workspace/node_modules/jest-circus/build/run.js:66:9)\n    at _runTestsForDescribeBlock (/home/runner/workspace/node_modules/jest-circus/build/run.js:60:9)\n    at run (/home/runner/workspace/node_modules/jest-circus/build/run.js:25:3)"],"fullName":"AddThoughtModal adds and updates segments","location":null,"status":"failed","title":"adds and updates segments"},{"ancestorTitles":["AddThoughtModal"],"failureMessages":["ReferenceError: window is not defined\n    at Object.<anonymous> (/home/runner/workspace/src/components/__tests__/AddThoughtModal.test.jsx:12:5)\n    at Promise.then.completed (/home/runner/workspace/node_modules/jest-circus/build/utils.js:391:28)\n    at new Promise (<anonymous>)\n    at callAsyncCircusFn (/home/runner/workspace/node_modules/jest-circus/build/utils.js:316:10)\n    at _callCircusHook (/home/runner/workspace/node_modules/jest-circus/build/run.js:181:40)\n    at processTicksAndRejections (node:internal/process/task_queues:95:5)\n    at _runTest (/home/runner/workspace/node_modules/jest-circus/build/run.js:148:5)\n    at _runTestsForDescribeBlock (/home/runner/workspace/node_modules/jest-circus/build/run.js:66:9)\n    at _runTestsForDescribeBlock (/home/runner/workspace/node_modules/jest-circus/build/run.js:60:9)\n    at run (/home/runner/workspace/node_modules/jest-circus/build/run.js:25:3)"],"fullName":"AddThoughtModal handles tag addition","location":null,"status":"failed","title":"handles tag addition"},{"ancestorTitles":["AddThoughtModal"],"failureMessages":["ReferenceError: window is not defined\n    at Object.<anonymous> (/home/runner/workspace/src/components/__tests__/AddThoughtModal.test.jsx:12:5)\n    at Promise.then.completed (/home/runner/workspace/node_modules/jest-circus/build/utils.js:391:28)\n    at new Promise (<anonymous>)\n    at callAsyncCircusFn (/home/runner/workspace/node_modules/jest-circus/build/utils.js:316:10)\n    at _callCircusHook (/home/runner/workspace/node_modules/jest-circus/build/run.js:181:40)\n    at processTicksAndRejections (node:internal/process/task_queues:95:5)\n    at _runTest (/home/runner/workspace/node_modules/jest-circus/build/run.js:148:5)\n    at _runTestsForDescribeBlock (/home/runner/workspace/node_modules/jest-circus/build/run.js:66:9)\n    at _runTestsForDescribeBlock (/home/runner/workspace/node_modules/jest-circus/build/run.js:60:9)\n    at run (/home/runner/workspace/node_modules/jest-circus/build/run.js:25:3)"],"fullName":"AddThoughtModal creates thought with correct data structure","location":null,"status":"failed","title":"creates thought with correct data structure"},{"ancestorTitles":[],"failureMessages":["ReferenceError: React is not defined\n    at Object.<anonymous> (/home/runner/workspace/src/components/__tests__/AddThoughtModal.test.jsx:96:7)\n    at Promise.then.completed (/home/runner/workspace/node_modules/jest-circus/build/utils.js:391:28)\n    at new Promise (<anonymous>)\n    at callAsyncCircusFn (/home/runner/workspace/node_modules/jest-circus/build/utils.js:316:10)\n    at _callCircusTest (/home/runner/workspace/node_modules/jest-circus/build/run.js:218:40)\n    at processTicksAndRejections (node:internal/process/task_queues:95:5)\n    at _runTest (/home/runner/workspace/node_modules/jest-circus/build/run.js:155:3)\n    at _runTestsForDescribeBlock (/home/runner/workspace/node_modules/jest-circus/build/run.js:66:9)\n    at run (/home/runner/workspace/node_modules/jest-circus/build/run.js:25:3)\n    at runAndTransformResultsToJestFormat (/home/runner/workspace/node_modules/jest-circus/build/legacy-code-todo-rewrite/jestAdapterInit.js:170:21)"],"fullName":"handles voice input correctly","location":null,"status":"failed","title":"handles voice input correctly"}],"endTime":1746781676457,"message":"\u001b[1m\u001b[31m  \u001b[1m● \u001b[22m\u001b[1mAddThoughtModal › renders all form elements\u001b[39m\u001b[22m\n\n    \u001b[1m\u001b[31mThe error below may be caused by using the wrong test environment, see \u001b[2m\u001b[4mhttps://jestjs.io/docs/configuration#testenvironment-string\u001b[24m\u001b[22m\u001b[1m.\u001b[39m\u001b[22m\n    \u001b[1m\u001b[31mConsider using the \"jsdom\" test environment.\u001b[39m\u001b[22m\n    \u001b[1m\u001b[31m\u001b[39m\u001b[22m\n    \u001b[1m\u001b[31m\u001b[39m\u001b[22mReferenceError: window is not defined\n\u001b[2m\u001b[22m\n\u001b[2m    \u001b[0m \u001b[90m 10 |\u001b[39m     mockCreateThought \u001b[33m=\u001b[39m jest\u001b[33m.\u001b[39mfn()\u001b[33m;\u001b[39m\u001b[22m\n\u001b[2m     \u001b[90m 11 |\u001b[39m     mockOnClose \u001b[33m=\u001b[39m jest\u001b[33m.\u001b[39mfn()\u001b[33m;\u001b[39m\u001b[22m\n\u001b[2m    \u001b[31m\u001b[1m>\u001b[22m\u001b[2m\u001b[39m\u001b[90m 12 |\u001b[39m     window\u001b[33m.\u001b[39malert \u001b[33m=\u001b[39m jest\u001b[33m.\u001b[39mfn()\u001b[33m;\u001b[39m\u001b[22m\n\u001b[2m     \u001b[90m    |\u001b[39m     \u001b[31m\u001b[1m^\u001b[22m\u001b[2m\u001b[39m\u001b[22m\n\u001b[2m     \u001b[90m 13 |\u001b[39m   })\u001b[33m;\u001b[39m\u001b[22m\n\u001b[2m     \u001b[90m 14 |\u001b[39m\u001b[22m\n\u001b[2m     \u001b[90m 15 |\u001b[39m   beforeEach(() \u001b[33m=>\u001b[39m {\u001b[0m\u001b[22m\n\u001b[2m\u001b[22m\n\u001b[2m      \u001b[2mat Object.<anonymous> (\u001b[22m\u001b[2m\u001b[0m\u001b[36msrc/components/__tests__/AddThoughtModal.test.jsx\u001b[39m\u001b[0m\u001b[2m:12:5)\u001b[22m\u001b[2m\u001b[22m\n\n\u001b[1m\u001b[31m  \u001b[1m● \u001b[22m\u001b[1mAddThoughtModal › validates title before submission\u001b[39m\u001b[22m\n\n    \u001b[1m\u001b[31mThe error below may be caused by using the wrong test environment, see \u001b[2m\u001b[4mhttps://jestjs.io/docs/configuration#testenvironment-string\u001b[24m\u001b[22m\u001b[1m.\u001b[39m\u001b[22m\n    \u001b[1m\u001b[31mConsider using the \"jsdom\" test environment.\u001b[39m\u001b[22m\n    \u001b[1m\u001b[31m\u001b[39m\u001b[22m\n    \u001b[1m\u001b[31m\u001b[39m\u001b[22mReferenceError: window is not defined\n\u001b[2m\u001b[22m\n\u001b[2m    \u001b[0m \u001b[90m 10 |\u001b[39m     mockCreateThought \u001b[33m=\u001b[39m jest\u001b[33m.\u001b[39mfn()\u001b[33m;\u001b[39m\u001b[22m\n\u001b[2m     \u001b[90m 11 |\u001b[39m     mockOnClose \u001b[33m=\u001b[39m jest\u001b[33m.\u001b[39mfn()\u001b[33m;\u001b[39m\u001b[22m\n\u001b[2m    \u001b[31m\u001b[1m>\u001b[22m\u001b[2m\u001b[39m\u001b[90m 12 |\u001b[39m     window\u001b[33m.\u001b[39malert \u001b[33m=\u001b[39m jest\u001b[33m.\u001b[39mfn()\u001b[33m;\u001b[39m\u001b[22m\n\u001b[2m     \u001b[90m    |\u001b[39m     \u001b[31m\u001b[1m^\u001b[22m\u001b[2m\u001b[39m\u001b[22m\n\u001b[2m     \u001b[90m 13 |\u001b[39m   })\u001b[33m;\u001b[39m\u001b[22m\n\u001b[2m     \u001b[90m 14 |\u001b[39m\u001b[22m\n\u001b[2m     \u001b[90m 15 |\u001b[39m   beforeEach(() \u001b[33m=>\u001b[39m {\u001b[0m\u001b[22m\n\u001b[2m\u001b[22m\n\u001b[2m      \u001b[2mat Object.<anonymous> (\u001b[22m\u001b[2m\u001b[0m\u001b[36msrc/components/__tests__/AddThoughtModal.test.jsx\u001b[39m\u001b[0m\u001b[2m:12:5)\u001b[22m\u001b[2m\u001b[22m\n\n\u001b[1m\u001b[31m  \u001b[1m● \u001b[22m\u001b[1mAddThoughtModal › adds and updates segments\u001b[39m\u001b[22m\n\n    \u001b[1m\u001b[31mThe error below may be caused by using the wrong test environment, see \u001b[2m\u001b[4mhttps://jestjs.io/docs/configuration#testenvironment-string\u001b[24m\u001b[22m\u001b[1m.\u001b[39m\u001b[22m\n    \u001b[1m\u001b[31mConsider using the \"jsdom\" test environment.\u001b[39m\u001b[22m\n    \u001b[1m\u001b[31m\u001b[39m\u001b[22m\n    \u001b[1m\u001b[31m\u001b[39m\u001b[22mReferenceError: window is not defined\n\u001b[2m\u001b[22m\n\u001b[2m    \u001b[0m \u001b[90m 10 |\u001b[39m     mockCreateThought \u001b[33m=\u001b[39m jest\u001b[33m.\u001b[39mfn()\u001b[33m;\u001b[39m\u001b[22m\n\u001b[2m     \u001b[90m 11 |\u001b[39m     mockOnClose \u001b[33m=\u001b[39m jest\u001b[33m.\u001b[39mfn()\u001b[33m;\u001b[39m\u001b[22m\n\u001b[2m    \u001b[31m\u001b[1m>\u001b[22m\u001b[2m\u001b[39m\u001b[90m 12 |\u001b[39m     window\u001b[33m.\u001b[39malert \u001b[33m=\u001b[39m jest\u001b[33m.\u001b[39mfn()\u001b[33m;\u001b[39m\u001b[22m\n\u001b[2m     \u001b[90m    |\u001b[39m     \u001b[31m\u001b[1m^\u001b[22m\u001b[2m\u001b[39m\u001b[22m\n\u001b[2m     \u001b[90m 13 |\u001b[39m   })\u001b[33m;\u001b[39m\u001b[22m\n\u001b[2m     \u001b[90m 14 |\u001b[39m\u001b[22m\n\u001b[2m     \u001b[90m 15 |\u001b[39m   beforeEach(() \u001b[33m=>\u001b[39m {\u001b[0m\u001b[22m\n\u001b[2m\u001b[22m\n\u001b[2m      \u001b[2mat Object.<anonymous> (\u001b[22m\u001b[2m\u001b[0m\u001b[36msrc/components/__tests__/AddThoughtModal.test.jsx\u001b[39m\u001b[0m\u001b[2m:12:5)\u001b[22m\u001b[2m\u001b[22m\n\n\u001b[1m\u001b[31m  \u001b[1m● \u001b[22m\u001b[1mAddThoughtModal › handles tag addition\u001b[39m\u001b[22m\n\n    \u001b[1m\u001b[31mThe error below may be caused by using the wrong test environment, see \u001b[2m\u001b[4mhttps://jestjs.io/docs/configuration#testenvironment-string\u001b[24m\u001b[22m\u001b[1m.\u001b[39m\u001b[22m\n    \u001b[1m\u001b[31mConsider using the \"jsdom\" test environment.\u001b[39m\u001b[22m\n    \u001b[1m\u001b[31m\u001b[39m\u001b[22m\n    \u001b[1m\u001b[31m\u001b[39m\u001b[22mReferenceError: window is not defined\n\u001b[2m\u001b[22m\n\u001b[2m    \u001b[0m \u001b[90m 10 |\u001b[39m     mockCreateThought \u001b[33m=\u001b[39m jest\u001b[33m.\u001b[39mfn()\u001b[33m;\u001b[39m\u001b[22m\n\u001b[2m     \u001b[90m 11 |\u001b[39m     mockOnClose \u001b[33m=\u001b[39m jest\u001b[33m.\u001b[39mfn()\u001b[33m;\u001b[39m\u001b[22m\n\u001b[2m    \u001b[31m\u001b[1m>\u001b[22m\u001b[2m\u001b[39m\u001b[90m 12 |\u001b[39m     window\u001b[33m.\u001b[39malert \u001b[33m=\u001b[39m jest\u001b[33m.\u001b[39mfn()\u001b[33m;\u001b[39m\u001b[22m\n\u001b[2m     \u001b[90m    |\u001b[39m     \u001b[31m\u001b[1m^\u001b[22m\u001b[2m\u001b[39m\u001b[22m\n\u001b[2m     \u001b[90m 13 |\u001b[39m   })\u001b[33m;\u001b[39m\u001b[22m\n\u001b[2m     \u001b[90m 14 |\u001b[39m\u001b[22m\n\u001b[2m     \u001b[90m 15 |\u001b[39m   beforeEach(() \u001b[33m=>\u001b[39m {\u001b[0m\u001b[22m\n\u001b[2m\u001b[22m\n\u001b[2m      \u001b[2mat Object.<anonymous> (\u001b[22m\u001b[2m\u001b[0m\u001b[36msrc/components/__tests__/AddThoughtModal.test.jsx\u001b[39m\u001b[0m\u001b[2m:12:5)\u001b[22m\u001b[2m\u001b[22m\n\n\u001b[1m\u001b[31m  \u001b[1m● \u001b[22m\u001b[1mAddThoughtModal › creates thought with correct data structure\u001b[39m\u001b[22m\n\n    \u001b[1m\u001b[31mThe error below may be caused by using the wrong test environment, see \u001b[2m\u001b[4mhttps://jestjs.io/docs/configuration#testenvironment-string\u001b[24m\u001b[22m\u001b[1m.\u001b[39m\u001b[22m\n    \u001b[1m\u001b[31mConsider using the \"jsdom\" test environment.\u001b[39m\u001b[22m\n    \u001b[1m\u001b[31m\u001b[39m\u001b[22m\n    \u001b[1m\u001b[31m\u001b[39m\u001b[22mReferenceError: window is not defined\n\u001b[2m\u001b[22m\n\u001b[2m    \u001b[0m \u001b[90m 10 |\u001b[39m     mockCreateThought \u001b[33m=\u001b[39m jest\u001b[33m.\u001b[39mfn()\u001b[33m;\u001b[39m\u001b[22m\n\u001b[2m     \u001b[90m 11 |\u001b[39m     mockOnClose \u001b[33m=\u001b[39m jest\u001b[33m.\u001b[39mfn()\u001b[33m;\u001b[39m\u001b[22m\n\u001b[2m    \u001b[31m\u001b[1m>\u001b[22m\u001b[2m\u001b[39m\u001b[90m 12 |\u001b[39m     window\u001b[33m.\u001b[39malert \u001b[33m=\u001b[39m jest\u001b[33m.\u001b[39mfn()\u001b[33m;\u001b[39m\u001b[22m\n\u001b[2m     \u001b[90m    |\u001b[39m     \u001b[31m\u001b[1m^\u001b[22m\u001b[2m\u001b[39m\u001b[22m\n\u001b[2m     \u001b[90m 13 |\u001b[39m   })\u001b[33m;\u001b[39m\u001b[22m\n\u001b[2m     \u001b[90m 14 |\u001b[39m\u001b[22m\n\u001b[2m     \u001b[90m 15 |\u001b[39m   beforeEach(() \u001b[33m=>\u001b[39m {\u001b[0m\u001b[22m\n\u001b[2m\u001b[22m\n\u001b[2m      \u001b[2mat Object.<anonymous> (\u001b[22m\u001b[2m\u001b[0m\u001b[36msrc/components/__tests__/AddThoughtModal.test.jsx\u001b[39m\u001b[0m\u001b[2m:12:5)\u001b[22m\u001b[2m\u001b[22m\n\n\u001b[1m\u001b[31m  \u001b[1m● \u001b[22m\u001b[1mhandles voice input correctly\u001b[39m\u001b[22m\n\n    ReferenceError: React is not defined\n\u001b[2m\u001b[22m\n\u001b[2m    \u001b[0m \u001b[90m 94 |\u001b[39m test(\u001b[32m'handles voice input correctly'\u001b[39m\u001b[33m,\u001b[39m () \u001b[33m=>\u001b[39m {\u001b[22m\n\u001b[2m     \u001b[90m 95 |\u001b[39m     \u001b[36mconst\u001b[39m { getByTitle\u001b[33m,\u001b[39m getByPlaceholderText } \u001b[33m=\u001b[39m render(\u001b[22m\n\u001b[2m    \u001b[31m\u001b[1m>\u001b[22m\u001b[2m\u001b[39m\u001b[90m 96 |\u001b[39m       \u001b[33m<\u001b[39m\u001b[33mAddThoughtModal\u001b[39m createThought\u001b[33m=\u001b[39m{mockCreateThought} onClose\u001b[33m=\u001b[39m{mockOnClose} \u001b[33m/\u001b[39m\u001b[33m>\u001b[39m\u001b[22m\n\u001b[2m     \u001b[90m    |\u001b[39m       \u001b[31m\u001b[1m^\u001b[22m\u001b[2m\u001b[39m\u001b[22m\n\u001b[2m     \u001b[90m 97 |\u001b[39m     )\u001b[33m;\u001b[39m\u001b[22m\n\u001b[2m     \u001b[90m 98 |\u001b[39m     \u001b[22m\n\u001b[2m     \u001b[90m 99 |\u001b[39m     \u001b[36mconst\u001b[39m micButton \u001b[33m=\u001b[39m getByTitle(\u001b[32m'Start recording'\u001b[39m)\u001b[33m;\u001b[39m\u001b[0m\u001b[22m\n\u001b[2m\u001b[22m\n\u001b[2m      \u001b[2mat Object.<anonymous> (\u001b[22m\u001b[2m\u001b[0m\u001b[36msrc/components/__tests__/AddThoughtModal.test.jsx\u001b[39m\u001b[0m\u001b[2m:96:7)\u001b[22m\u001b[2m\u001b[22m\n","name":"/home/runner/workspace/src/components/__tests__/AddThoughtModal.test.jsx","startTime":1746781663961,"status":"failed","summary":""},{"assertionResults":[],"coverage":{},"endTime":1746781676886,"message":"  \u001b[1m● \u001b[22mTest suite failed to run\n\n    ReferenceError: localStorage is not defined\n\n    \u001b[0m \u001b[90m  5 |\u001b[39m\n     \u001b[90m  6 |\u001b[39m   loadState() {\n    \u001b[31m\u001b[1m>\u001b[22m\u001b[39m\u001b[90m  7 |\u001b[39m     \u001b[36mconst\u001b[39m savedState \u001b[33m=\u001b[39m localStorage\u001b[33m.\u001b[39mgetItem(\u001b[32m'thoughtweb-state'\u001b[39m)\u001b[33m;\u001b[39m\n     \u001b[90m    |\u001b[39m                        \u001b[31m\u001b[1m^\u001b[22m\u001b[39m\n     \u001b[90m  8 |\u001b[39m     \u001b[36mif\u001b[39m (savedState) {\n     \u001b[90m  9 |\u001b[39m       \u001b[36mconst\u001b[39m state \u001b[33m=\u001b[39m \u001b[33mJSON\u001b[39m\u001b[33m.\u001b[39mparse(savedState)\u001b[33m;\u001b[39m\n     \u001b[90m 10 |\u001b[39m       \u001b[36mthis\u001b[39m\u001b[33m.\u001b[39mnodes \u001b[33m=\u001b[39m \u001b[36mnew\u001b[39m \u001b[33mMap\u001b[39m(state\u001b[33m.\u001b[39mnodes)\u001b[33m;\u001b[39m\u001b[0m\n\n      \u001b[2mat GraphService.loadState (\u001b[22msrc/services/graphService.js\u001b[2m:7:24)\u001b[22m\n      \u001b[2mat new GraphService (\u001b[22msrc/services/graphService.js\u001b[2m:3:10)\u001b[22m\n      \u001b[2mat Object.<anonymous> (\u001b[22msrc/services/graphService.js\u001b[2m:82:29)\u001b[22m\n      \u001b[2mat Object.<anonymous> (\u001b[22msrc/components/Sidebar.jsx\u001b[2m:4:1)\u001b[22m\n","name":"/home/runner/workspace/src/components/__tests__/Sidebar.test.jsx","startTime":1746781676886,"status":"failed","summary":""}],"wasInterrupted":false}