{"numFailedTestSuites":8,"numFailedTests":19,"numPassedTestSuites":1,"numPassedTests":9,"numPendingTestSuites":0,"numPendingTests":0,"numRuntimeErrorTestSuites":1,"numTodoTests":0,"numTotalTestSuites":9,"numTotalTests":28,"openHandles":[],"snapshot":{"added":0,"didUpdate":false,"failure":false,"filesAdded":0,"filesRemoved":0,"filesRemovedList":[],"filesUnmatched":0,"filesUpdated":0,"matched":0,"total":0,"unchecked":0,"uncheckedKeysByFile":[],"unmatched":0,"updated":0},"startTime":1746781936465,"success":false,"testResults":[{"assertionResults":[],"coverage":{},"endTime":1746781957792,"message":"  \u001b[1m● \u001b[22mTest suite failed to run\n\n    Cannot find module 'react-cytoscapejs' from 'src/components/__tests__/Canvas.test.jsx'\n\n    \u001b[0m \u001b[90m  7 |\u001b[39m cytoscape\u001b[33m.\u001b[39muse(coseBilkent)\u001b[33m;\u001b[39m\n     \u001b[90m  8 |\u001b[39m\n    \u001b[31m\u001b[1m>\u001b[22m\u001b[39m\u001b[90m  9 |\u001b[39m jest\u001b[33m.\u001b[39mmock(\u001b[32m'react-cytoscapejs'\u001b[39m\u001b[33m,\u001b[39m () \u001b[33m=>\u001b[39m {\n     \u001b[90m    |\u001b[39m      \u001b[31m\u001b[1m^\u001b[22m\u001b[39m\n     \u001b[90m 10 |\u001b[39m   \u001b[36mreturn\u001b[39m \u001b[36mfunction\u001b[39m \u001b[33mMockCytoscape\u001b[39m(props) {\n     \u001b[90m 11 |\u001b[39m     \u001b[36mreturn\u001b[39m \u001b[33m<\u001b[39m\u001b[33mdiv\u001b[39m data\u001b[33m-\u001b[39mtestid\u001b[33m=\u001b[39m\u001b[32m\"cytoscape-mock\"\u001b[39m {\u001b[33m...\u001b[39mprops} \u001b[33m/\u001b[39m\u001b[33m>\u001b[39m\u001b[33m;\u001b[39m\n     \u001b[90m 12 |\u001b[39m   }\u001b[33m;\u001b[39m\u001b[0m\n\n      \u001b[2mat Resolver.resolveModule (\u001b[22mnode_modules/jest-resolve/build/resolver.js\u001b[2m:324:11)\u001b[22m\n      \u001b[2mat Object.<anonymous> (\u001b[22m\u001b[0m\u001b[36msrc/components/__tests__/Canvas.test.jsx\u001b[39m\u001b[0m\u001b[2m:9:6)\u001b[22m\n","name":"/home/runner/workspace/src/components/__tests__/Canvas.test.jsx","startTime":1746781957792,"status":"failed","summary":""},{"assertionResults":[{"ancestorTitles":["VoiceInputManager"],"failureMessages":[],"fullName":"VoiceInputManager initializes with correct configuration","location":null,"status":"passed","title":"initializes with correct configuration"},{"ancestorTitles":["VoiceInputManager"],"failureMessages":[],"fullName":"VoiceInputManager handles start/stop listening correctly","location":null,"status":"passed","title":"handles start/stop listening correctly"},{"ancestorTitles":["VoiceInputManager"],"failureMessages":["Error: \u001b[2mexpect(\u001b[22m\u001b[31mjest.fn()\u001b[39m\u001b[2m).\u001b[22mtoHaveBeenCalledWith\u001b[2m(\u001b[22m\u001b[32m...expected\u001b[39m\u001b[2m)\u001b[22m\n\nExpected: \u001b[32m\"Hello world.\"\u001b[39m, \u001b[32mtrue\u001b[39m, \u001b[32mfalse\u001b[39m\nReceived: \u001b[2m\"Hello world.\"\u001b[22m, \u001b[31mfalse\u001b[39m\n\nNumber of calls: \u001b[31m1\u001b[39m\n    at Object.<anonymous> (/home/runner/workspace/src/utils/__tests__/VoiceInputManager.test.js:56:32)\n    at Promise.then.completed (/home/runner/workspace/node_modules/jest-circus/build/utils.js:391:28)\n    at new Promise (<anonymous>)\n    at callAsyncCircusFn (/home/runner/workspace/node_modules/jest-circus/build/utils.js:316:10)\n    at _callCircusTest (/home/runner/workspace/node_modules/jest-circus/build/run.js:218:40)\n    at processTicksAndRejections (node:internal/process/task_queues:95:5)\n    at _runTest (/home/runner/workspace/node_modules/jest-circus/build/run.js:155:3)\n    at _runTestsForDescribeBlock (/home/runner/workspace/node_modules/jest-circus/build/run.js:66:9)\n    at _runTestsForDescribeBlock (/home/runner/workspace/node_modules/jest-circus/build/run.js:60:9)\n    at run (/home/runner/workspace/node_modules/jest-circus/build/run.js:25:3)\n    at runAndTransformResultsToJestFormat (/home/runner/workspace/node_modules/jest-circus/build/legacy-code-todo-rewrite/jestAdapterInit.js:170:21)\n    at jestAdapter (/home/runner/workspace/node_modules/jest-circus/build/legacy-code-todo-rewrite/jestAdapter.js:82:19)\n    at runTestInternal (/home/runner/workspace/node_modules/jest-runner/build/runTest.js:389:16)\n    at runTest (/home/runner/workspace/node_modules/jest-runner/build/runTest.js:475:34)\n    at Object.worker (/home/runner/workspace/node_modules/jest-runner/build/testWorker.js:133:12)"],"fullName":"VoiceInputManager handles speech recognition results","location":null,"status":"failed","title":"handles speech recognition results"},{"ancestorTitles":["VoiceInputManager"],"failureMessages":[],"fullName":"VoiceInputManager handles speech recognition errors","location":null,"status":"passed","title":"handles speech recognition errors"},{"ancestorTitles":["VoiceInputManager"],"failureMessages":[],"fullName":"VoiceInputManager checks browser support correctly","location":null,"status":"passed","title":"checks browser support correctly"}],"endTime":1746781954174,"message":"\u001b[1m\u001b[31m  \u001b[1m● \u001b[22m\u001b[1mVoiceInputManager › handles speech recognition results\u001b[39m\u001b[22m\n\n    \u001b[2mexpect(\u001b[22m\u001b[31mjest.fn()\u001b[39m\u001b[2m).\u001b[22mtoHaveBeenCalledWith\u001b[2m(\u001b[22m\u001b[32m...expected\u001b[39m\u001b[2m)\u001b[22m\n\n    Expected: \u001b[32m\"Hello world.\"\u001b[39m, \u001b[32mtrue\u001b[39m, \u001b[32mfalse\u001b[39m\n    Received: \u001b[2m\"Hello world.\"\u001b[22m, \u001b[31mfalse\u001b[39m\n\n    Number of calls: \u001b[31m1\u001b[39m\n\u001b[2m\u001b[22m\n\u001b[2m    \u001b[0m \u001b[90m 54 |\u001b[39m     }\u001b[33m;\u001b[39m\u001b[22m\n\u001b[2m     \u001b[90m 55 |\u001b[39m     mockRecognition\u001b[33m.\u001b[39monresult(mockResults)\u001b[33m;\u001b[39m\u001b[22m\n\u001b[2m    \u001b[31m\u001b[1m>\u001b[22m\u001b[2m\u001b[39m\u001b[90m 56 |\u001b[39m     expect(onTranscriptUpdate)\u001b[33m.\u001b[39mtoHaveBeenCalledWith(\u001b[32m'Hello world.'\u001b[39m\u001b[33m,\u001b[39m \u001b[36mtrue\u001b[39m\u001b[33m,\u001b[39m \u001b[36mfalse\u001b[39m)\u001b[33m;\u001b[39m\u001b[22m\n\u001b[2m     \u001b[90m    |\u001b[39m                                \u001b[31m\u001b[1m^\u001b[22m\u001b[2m\u001b[39m\u001b[22m\n\u001b[2m     \u001b[90m 57 |\u001b[39m\u001b[22m\n\u001b[2m     \u001b[90m 58 |\u001b[39m     \u001b[90m// Test long sentence that should trigger segmentation\u001b[39m\u001b[22m\n\u001b[2m     \u001b[90m 59 |\u001b[39m     \u001b[36mconst\u001b[39m longResults \u001b[33m=\u001b[39m {\u001b[0m\u001b[22m\n\u001b[2m\u001b[22m\n\u001b[2m      \u001b[2mat Object.<anonymous> (\u001b[22m\u001b[2m\u001b[0m\u001b[36msrc/utils/__tests__/VoiceInputManager.test.js\u001b[39m\u001b[0m\u001b[2m:56:32)\u001b[22m\u001b[2m\u001b[22m\n","name":"/home/runner/workspace/src/utils/__tests__/VoiceInputManager.test.js","startTime":1746781942950,"status":"failed","summary":""},{"assertionResults":[{"ancestorTitles":["Data Handling","Export Handler"],"failureMessages":["TypeError: Cannot read properties of undefined (reading 'split')\n    at Object.<anonymous> (/home/runner/workspace/src/utils/__tests__/dataHandlers.test.js:50:61)\n    at Promise.then.completed (/home/runner/workspace/node_modules/jest-circus/build/utils.js:391:28)\n    at new Promise (<anonymous>)\n    at callAsyncCircusFn (/home/runner/workspace/node_modules/jest-circus/build/utils.js:316:10)\n    at _callCircusTest (/home/runner/workspace/node_modules/jest-circus/build/run.js:218:40)\n    at processTicksAndRejections (node:internal/process/task_queues:95:5)\n    at _runTest (/home/runner/workspace/node_modules/jest-circus/build/run.js:155:3)\n    at _runTestsForDescribeBlock (/home/runner/workspace/node_modules/jest-circus/build/run.js:66:9)\n    at _runTestsForDescribeBlock (/home/runner/workspace/node_modules/jest-circus/build/run.js:60:9)\n    at _runTestsForDescribeBlock (/home/runner/workspace/node_modules/jest-circus/build/run.js:60:9)\n    at run (/home/runner/workspace/node_modules/jest-circus/build/run.js:25:3)\n    at runAndTransformResultsToJestFormat (/home/runner/workspace/node_modules/jest-circus/build/legacy-code-todo-rewrite/jestAdapterInit.js:170:21)\n    at jestAdapter (/home/runner/workspace/node_modules/jest-circus/build/legacy-code-todo-rewrite/jestAdapter.js:82:19)\n    at runTestInternal (/home/runner/workspace/node_modules/jest-runner/build/runTest.js:389:16)\n    at runTest (/home/runner/workspace/node_modules/jest-runner/build/runTest.js:475:34)\n    at Object.worker (/home/runner/workspace/node_modules/jest-runner/build/testWorker.js:133:12)"],"fullName":"Data Handling Export Handler exports with correct metadata structure","location":null,"status":"failed","title":"exports with correct metadata structure"},{"ancestorTitles":["Data Handling","Import Handler"],"failureMessages":[],"fullName":"Data Handling Import Handler normalizes legacy format thoughts","location":null,"status":"passed","title":"normalizes legacy format thoughts"},{"ancestorTitles":["Data Handling","Import Handler"],"failureMessages":["Error: \u001b[2mexpect(\u001b[22m\u001b[31mjest.fn()\u001b[39m\u001b[2m).\u001b[22mtoHaveBeenCalledWith\u001b[2m(\u001b[22m\u001b[32m...expected\u001b[39m\u001b[2m)\u001b[22m\n\n\u001b[32m- Expected\u001b[39m\n\u001b[31m+ Received\u001b[39m\n\n\u001b[33m@@ -8,10 +8,11 @@\u001b[39m\n\u001b[2m        \"y\": 0,\u001b[22m\n\u001b[2m      },\u001b[22m\n\u001b[2m      \"segments\": Array [\u001b[22m\n\u001b[2m        Object {\u001b[22m\n\u001b[2m          \"content\": \"Test content\",\u001b[22m\n\u001b[31m+         \"embedding_vector\": Array [],\u001b[39m\n\u001b[2m          \"fields\": Object {\u001b[22m\n\u001b[2m            \"type\": \"note\",\u001b[22m\n\u001b[2m          },\u001b[22m\n\u001b[2m          \"segment_id\": \"01HN5G4K8PMXQ0VGWX7CTBZ3YY\",\u001b[22m\n\u001b[2m          \"title\": \"Test Segment\",\u001b[22m,\n\nNumber of calls: \u001b[31m1\u001b[39m\n    at Object.<anonymous> (/home/runner/workspace/src/utils/__tests__/dataHandlers.test.js:129:24)\n    at Promise.then.completed (/home/runner/workspace/node_modules/jest-circus/build/utils.js:391:28)\n    at new Promise (<anonymous>)\n    at callAsyncCircusFn (/home/runner/workspace/node_modules/jest-circus/build/utils.js:316:10)\n    at _callCircusTest (/home/runner/workspace/node_modules/jest-circus/build/run.js:218:40)\n    at processTicksAndRejections (node:internal/process/task_queues:95:5)\n    at _runTest (/home/runner/workspace/node_modules/jest-circus/build/run.js:155:3)\n    at _runTestsForDescribeBlock (/home/runner/workspace/node_modules/jest-circus/build/run.js:66:9)\n    at _runTestsForDescribeBlock (/home/runner/workspace/node_modules/jest-circus/build/run.js:60:9)\n    at _runTestsForDescribeBlock (/home/runner/workspace/node_modules/jest-circus/build/run.js:60:9)\n    at run (/home/runner/workspace/node_modules/jest-circus/build/run.js:25:3)\n    at runAndTransformResultsToJestFormat (/home/runner/workspace/node_modules/jest-circus/build/legacy-code-todo-rewrite/jestAdapterInit.js:170:21)\n    at jestAdapter (/home/runner/workspace/node_modules/jest-circus/build/legacy-code-todo-rewrite/jestAdapter.js:82:19)\n    at runTestInternal (/home/runner/workspace/node_modules/jest-runner/build/runTest.js:389:16)\n    at runTest (/home/runner/workspace/node_modules/jest-runner/build/runTest.js:475:34)\n    at Object.worker (/home/runner/workspace/node_modules/jest-runner/build/testWorker.js:133:12)"],"fullName":"Data Handling Import Handler handles modern format with metadata","location":null,"status":"failed","title":"handles modern format with metadata"}],"endTime":1746781954272,"message":"\u001b[1m\u001b[31m  \u001b[1m● \u001b[22m\u001b[1mData Handling › Export Handler › exports with correct metadata structure\u001b[39m\u001b[22m\n\n    TypeError: Cannot read properties of undefined (reading 'split')\n\u001b[2m\u001b[22m\n\u001b[2m    \u001b[0m \u001b[90m 48 |\u001b[39m       expect(appendChildSpy)\u001b[33m.\u001b[39mtoHaveBeenCalled()\u001b[33m;\u001b[39m\u001b[22m\n\u001b[2m     \u001b[90m 49 |\u001b[39m       \u001b[36mconst\u001b[39m anchorNode \u001b[33m=\u001b[39m appendChildSpy\u001b[33m.\u001b[39mmock\u001b[33m.\u001b[39mcalls[\u001b[35m0\u001b[39m][\u001b[35m0\u001b[39m]\u001b[33m;\u001b[39m\u001b[22m\n\u001b[2m    \u001b[31m\u001b[1m>\u001b[22m\u001b[2m\u001b[39m\u001b[90m 50 |\u001b[39m       \u001b[36mconst\u001b[39m exportData \u001b[33m=\u001b[39m decodeURIComponent(anchorNode\u001b[33m.\u001b[39mhref\u001b[33m.\u001b[39msplit(\u001b[32m','\u001b[39m)[\u001b[35m1\u001b[39m])\u001b[33m;\u001b[39m\u001b[22m\n\u001b[2m     \u001b[90m    |\u001b[39m                                                             \u001b[31m\u001b[1m^\u001b[22m\u001b[2m\u001b[39m\u001b[22m\n\u001b[2m     \u001b[90m 51 |\u001b[39m       \u001b[36mconst\u001b[39m parsedData \u001b[33m=\u001b[39m \u001b[33mJSON\u001b[39m\u001b[33m.\u001b[39mparse(atob(exportData))\u001b[33m;\u001b[39m\u001b[22m\n\u001b[2m     \u001b[90m 52 |\u001b[39m       \u001b[22m\n\u001b[2m     \u001b[90m 53 |\u001b[39m       expect(parsedData)\u001b[33m.\u001b[39mtoHaveProperty(\u001b[32m'export_metadata'\u001b[39m)\u001b[33m;\u001b[39m\u001b[0m\u001b[22m\n\u001b[2m\u001b[22m\n\u001b[2m      \u001b[2mat Object.<anonymous> (\u001b[22m\u001b[2m\u001b[0m\u001b[36msrc/utils/__tests__/dataHandlers.test.js\u001b[39m\u001b[0m\u001b[2m:50:61)\u001b[22m\u001b[2m\u001b[22m\n\n\u001b[1m\u001b[31m  \u001b[1m● \u001b[22m\u001b[1mData Handling › Import Handler › handles modern format with metadata\u001b[39m\u001b[22m\n\n    \u001b[2mexpect(\u001b[22m\u001b[31mjest.fn()\u001b[39m\u001b[2m).\u001b[22mtoHaveBeenCalledWith\u001b[2m(\u001b[22m\u001b[32m...expected\u001b[39m\u001b[2m)\u001b[22m\n\n    \u001b[32m- Expected\u001b[39m\n    \u001b[31m+ Received\u001b[39m\n\n    \u001b[33m@@ -8,10 +8,11 @@\u001b[39m\n    \u001b[2m        \"y\": 0,\u001b[22m\n    \u001b[2m      },\u001b[22m\n    \u001b[2m      \"segments\": Array [\u001b[22m\n    \u001b[2m        Object {\u001b[22m\n    \u001b[2m          \"content\": \"Test content\",\u001b[22m\n    \u001b[31m+         \"embedding_vector\": Array [],\u001b[39m\n    \u001b[2m          \"fields\": Object {\u001b[22m\n    \u001b[2m            \"type\": \"note\",\u001b[22m\n    \u001b[2m          },\u001b[22m\n    \u001b[2m          \"segment_id\": \"01HN5G4K8PMXQ0VGWX7CTBZ3YY\",\u001b[22m\n    \u001b[2m          \"title\": \"Test Segment\",\u001b[22m,\n\n    Number of calls: \u001b[31m1\u001b[39m\n\u001b[2m\u001b[22m\n\u001b[2m    \u001b[0m \u001b[90m 127 |\u001b[39m       fileReader\u001b[33m.\u001b[39monload({ target\u001b[33m:\u001b[39m { result\u001b[33m:\u001b[39m fileReader\u001b[33m.\u001b[39mresult } })\u001b[33m;\u001b[39m\u001b[22m\n\u001b[2m     \u001b[90m 128 |\u001b[39m       \u001b[22m\n\u001b[2m    \u001b[31m\u001b[1m>\u001b[22m\u001b[2m\u001b[39m\u001b[90m 129 |\u001b[39m       expect(callback)\u001b[33m.\u001b[39mtoHaveBeenCalledWith(mockThoughts)\u001b[33m;\u001b[39m\u001b[22m\n\u001b[2m     \u001b[90m     |\u001b[39m                        \u001b[31m\u001b[1m^\u001b[22m\u001b[2m\u001b[39m\u001b[22m\n\u001b[2m     \u001b[90m 130 |\u001b[39m     })\u001b[33m;\u001b[39m\u001b[22m\n\u001b[2m     \u001b[90m 131 |\u001b[39m   })\u001b[33m;\u001b[39m\u001b[22m\n\u001b[2m     \u001b[90m 132 |\u001b[39m })\u001b[33m;\u001b[39m\u001b[0m\u001b[22m\n\u001b[2m\u001b[22m\n\u001b[2m      \u001b[2mat Object.<anonymous> (\u001b[22m\u001b[2m\u001b[0m\u001b[36msrc/utils/__tests__/dataHandlers.test.js\u001b[39m\u001b[0m\u001b[2m:129:24)\u001b[22m\u001b[2m\u001b[22m\n","name":"/home/runner/workspace/src/utils/__tests__/dataHandlers.test.js","startTime":1746781942861,"status":"failed","summary":""},{"assertionResults":[{"ancestorTitles":["eventBus"],"failureMessages":[],"fullName":"eventBus newBubbleId generates unique IDs","location":null,"status":"passed","title":"newBubbleId generates unique IDs"},{"ancestorTitles":["eventBus"],"failureMessages":[],"fullName":"eventBus newSegmentId generates unique IDs","location":null,"status":"passed","title":"newSegmentId generates unique IDs"},{"ancestorTitles":["eventBus"],"failureMessages":[],"fullName":"eventBus IDs follow expected format","location":null,"status":"passed","title":"IDs follow expected format"}],"endTime":1746781955949,"message":"","name":"/home/runner/workspace/src/utils/__tests__/eventBus.test.js","startTime":1746781953361,"status":"passed","summary":""},{"assertionResults":[{"ancestorTitles":["graphService"],"failureMessages":["Error: \u001b[2mexpect(\u001b[22m\u001b[31mreceived\u001b[39m\u001b[2m).\u001b[22mtoEqual\u001b[2m(\u001b[22m\u001b[32mexpected\u001b[39m\u001b[2m) // deep equality\u001b[22m\n\n\u001b[32m- Expected  - 13\u001b[39m\n\u001b[31m+ Received  +  1\u001b[39m\n\n\u001b[32m- Array [\u001b[39m\n\u001b[32m-   Object {\u001b[39m\n\u001b[32m-     \"properties\": Object {\u001b[39m\n\u001b[32m-       \"tags\": Array [\u001b[39m\n\u001b[32m-         Object {\u001b[39m\n\u001b[32m-           \"color\": \"#000\",\u001b[39m\n\u001b[32m-           \"name\": \"tag1\",\u001b[39m\n\u001b[32m-         },\u001b[39m\n\u001b[32m-       ],\u001b[39m\n\u001b[32m-       \"thought_bubble_id\": \"01HN5G4K8PMXQ0VGWX7CTBZ3YV\",\u001b[39m\n\u001b[32m-     },\u001b[39m\n\u001b[32m-   },\u001b[39m\n\u001b[32m- ]\u001b[39m\n\u001b[31m+ Array []\u001b[39m\n    at call (/home/runner/workspace/src/services/__tests__/graphService.test.js:18:21)\n    at tryCatch (/home/runner/workspace/src/services/__tests__/graphService.test.js:2:1)\n    at Generator._invoke (/home/runner/workspace/src/services/__tests__/graphService.test.js:2:1)\n    at Generator.next (/home/runner/workspace/src/services/__tests__/graphService.test.js:2:1)\n    at asyncGeneratorStep (/home/runner/workspace/src/services/__tests__/graphService.test.js:2:1)\n    at _next (/home/runner/workspace/src/services/__tests__/graphService.test.js:2:1)\n    at processTicksAndRejections (node:internal/process/task_queues:95:5)"],"fullName":"graphService findThoughtsByTag returns thoughts with matching tag","location":null,"status":"failed","title":"findThoughtsByTag returns thoughts with matching tag"},{"ancestorTitles":["graphService"],"failureMessages":[],"fullName":"graphService findThoughtsByTag returns empty array for non-existent tag","location":null,"status":"passed","title":"findThoughtsByTag returns empty array for non-existent tag"}],"endTime":1746781956149,"message":"\u001b[1m\u001b[31m  \u001b[1m● \u001b[22m\u001b[1mgraphService › findThoughtsByTag returns thoughts with matching tag\u001b[39m\u001b[22m\n\n    \u001b[2mexpect(\u001b[22m\u001b[31mreceived\u001b[39m\u001b[2m).\u001b[22mtoEqual\u001b[2m(\u001b[22m\u001b[32mexpected\u001b[39m\u001b[2m) // deep equality\u001b[22m\n\n    \u001b[32m- Expected  - 13\u001b[39m\n    \u001b[31m+ Received  +  1\u001b[39m\n\n    \u001b[32m- Array [\u001b[39m\n    \u001b[32m-   Object {\u001b[39m\n    \u001b[32m-     \"properties\": Object {\u001b[39m\n    \u001b[32m-       \"tags\": Array [\u001b[39m\n    \u001b[32m-         Object {\u001b[39m\n    \u001b[32m-           \"color\": \"#000\",\u001b[39m\n    \u001b[32m-           \"name\": \"tag1\",\u001b[39m\n    \u001b[32m-         },\u001b[39m\n    \u001b[32m-       ],\u001b[39m\n    \u001b[32m-       \"thought_bubble_id\": \"01HN5G4K8PMXQ0VGWX7CTBZ3YV\",\u001b[39m\n    \u001b[32m-     },\u001b[39m\n    \u001b[32m-   },\u001b[39m\n    \u001b[32m- ]\u001b[39m\n    \u001b[31m+ Array []\u001b[39m\n\u001b[2m\u001b[22m\n\u001b[2m    \u001b[0m \u001b[90m 16 |\u001b[39m   test(\u001b[32m'findThoughtsByTag returns thoughts with matching tag'\u001b[39m\u001b[33m,\u001b[39m \u001b[36masync\u001b[39m () \u001b[33m=>\u001b[39m {\u001b[22m\n\u001b[2m     \u001b[90m 17 |\u001b[39m     \u001b[36mconst\u001b[39m results \u001b[33m=\u001b[39m \u001b[36mawait\u001b[39m graphService\u001b[33m.\u001b[39mfindThoughtsByTag(\u001b[32m'tag1'\u001b[39m)\u001b[33m;\u001b[39m\u001b[22m\n\u001b[2m    \u001b[31m\u001b[1m>\u001b[22m\u001b[2m\u001b[39m\u001b[90m 18 |\u001b[39m     expect(results)\u001b[33m.\u001b[39mtoEqual([\u001b[22m\n\u001b[2m     \u001b[90m    |\u001b[39m                     \u001b[31m\u001b[1m^\u001b[22m\u001b[2m\u001b[39m\u001b[22m\n\u001b[2m     \u001b[90m 19 |\u001b[39m       { properties\u001b[33m:\u001b[39m mockThoughts[\u001b[35m0\u001b[39m] }\u001b[22m\n\u001b[2m     \u001b[90m 20 |\u001b[39m     ])\u001b[33m;\u001b[39m\u001b[22m\n\u001b[2m     \u001b[90m 21 |\u001b[39m   })\u001b[33m;\u001b[39m\u001b[0m\u001b[22m\n\u001b[2m\u001b[22m\n\u001b[2m      \u001b[2mat call (\u001b[22m\u001b[2m\u001b[0m\u001b[36msrc/services/__tests__/graphService.test.js\u001b[39m\u001b[0m\u001b[2m:18:21)\u001b[22m\u001b[2m\u001b[22m\n\u001b[2m      \u001b[2mat tryCatch (\u001b[22m\u001b[2m\u001b[0m\u001b[36msrc/services/__tests__/graphService.test.js\u001b[39m\u001b[0m\u001b[2m:2:1)\u001b[22m\u001b[2m\u001b[22m\n\u001b[2m      \u001b[2mat Generator._invoke (\u001b[22m\u001b[2m\u001b[0m\u001b[36msrc/services/__tests__/graphService.test.js\u001b[39m\u001b[0m\u001b[2m:2:1)\u001b[22m\u001b[2m\u001b[22m\n\u001b[2m      \u001b[2mat Generator.next (\u001b[22m\u001b[2m\u001b[0m\u001b[36msrc/services/__tests__/graphService.test.js\u001b[39m\u001b[0m\u001b[2m:2:1)\u001b[22m\u001b[2m\u001b[22m\n\u001b[2m      \u001b[2mat asyncGeneratorStep (\u001b[22m\u001b[2m\u001b[0m\u001b[36msrc/services/__tests__/graphService.test.js\u001b[39m\u001b[0m\u001b[2m:2:1)\u001b[22m\u001b[2m\u001b[22m\n\u001b[2m      \u001b[2mat _next (\u001b[22m\u001b[2m\u001b[0m\u001b[36msrc/services/__tests__/graphService.test.js\u001b[39m\u001b[0m\u001b[2m:2:1)\u001b[22m\u001b[2m\u001b[22m\n","name":"/home/runner/workspace/src/services/__tests__/graphService.test.js","startTime":1746781942455,"status":"failed","summary":""},{"assertionResults":[{"ancestorTitles":["ThoughtDetailPanel"],"failureMessages":["ReferenceError: React is not defined\n    at Object.<anonymous> (/home/runner/workspace/src/components/__tests__/ThoughtDetailPanel.test.jsx:27:12)\n    at Promise.then.completed (/home/runner/workspace/node_modules/jest-circus/build/utils.js:391:28)\n    at new Promise (<anonymous>)\n    at callAsyncCircusFn (/home/runner/workspace/node_modules/jest-circus/build/utils.js:316:10)\n    at _callCircusTest (/home/runner/workspace/node_modules/jest-circus/build/run.js:218:40)\n    at processTicksAndRejections (node:internal/process/task_queues:95:5)\n    at _runTest (/home/runner/workspace/node_modules/jest-circus/build/run.js:155:3)\n    at _runTestsForDescribeBlock (/home/runner/workspace/node_modules/jest-circus/build/run.js:66:9)\n    at _runTestsForDescribeBlock (/home/runner/workspace/node_modules/jest-circus/build/run.js:60:9)\n    at run (/home/runner/workspace/node_modules/jest-circus/build/run.js:25:3)\n    at runAndTransformResultsToJestFormat (/home/runner/workspace/node_modules/jest-circus/build/legacy-code-todo-rewrite/jestAdapterInit.js:170:21)\n    at jestAdapter (/home/runner/workspace/node_modules/jest-circus/build/legacy-code-todo-rewrite/jestAdapter.js:82:19)\n    at runTestInternal (/home/runner/workspace/node_modules/jest-runner/build/runTest.js:389:16)\n    at runTest (/home/runner/workspace/node_modules/jest-runner/build/runTest.js:475:34)\n    at Object.worker (/home/runner/workspace/node_modules/jest-runner/build/testWorker.js:133:12)"],"fullName":"ThoughtDetailPanel renders thought details correctly","location":null,"status":"failed","title":"renders thought details correctly"},{"ancestorTitles":["ThoughtDetailPanel"],"failureMessages":["ReferenceError: React is not defined\n    at Object.<anonymous> (/home/runner/workspace/src/components/__tests__/ThoughtDetailPanel.test.jsx:35:12)\n    at Promise.then.completed (/home/runner/workspace/node_modules/jest-circus/build/utils.js:391:28)\n    at new Promise (<anonymous>)\n    at callAsyncCircusFn (/home/runner/workspace/node_modules/jest-circus/build/utils.js:316:10)\n    at _callCircusTest (/home/runner/workspace/node_modules/jest-circus/build/run.js:218:40)\n    at processTicksAndRejections (node:internal/process/task_queues:95:5)\n    at _runTest (/home/runner/workspace/node_modules/jest-circus/build/run.js:155:3)\n    at _runTestsForDescribeBlock (/home/runner/workspace/node_modules/jest-circus/build/run.js:66:9)\n    at _runTestsForDescribeBlock (/home/runner/workspace/node_modules/jest-circus/build/run.js:60:9)\n    at run (/home/runner/workspace/node_modules/jest-circus/build/run.js:25:3)\n    at runAndTransformResultsToJestFormat (/home/runner/workspace/node_modules/jest-circus/build/legacy-code-todo-rewrite/jestAdapterInit.js:170:21)\n    at jestAdapter (/home/runner/workspace/node_modules/jest-circus/build/legacy-code-todo-rewrite/jestAdapter.js:82:19)\n    at runTestInternal (/home/runner/workspace/node_modules/jest-runner/build/runTest.js:389:16)\n    at runTest (/home/runner/workspace/node_modules/jest-runner/build/runTest.js:475:34)\n    at Object.worker (/home/runner/workspace/node_modules/jest-runner/build/testWorker.js:133:12)"],"fullName":"ThoughtDetailPanel displays segment fields","location":null,"status":"failed","title":"displays segment fields"},{"ancestorTitles":["ThoughtDetailPanel"],"failureMessages":["ReferenceError: React is not defined\n    at Object.<anonymous> (/home/runner/workspace/src/components/__tests__/ThoughtDetailPanel.test.jsx:44:12)\n    at Promise.then.completed (/home/runner/workspace/node_modules/jest-circus/build/utils.js:391:28)\n    at new Promise (<anonymous>)\n    at callAsyncCircusFn (/home/runner/workspace/node_modules/jest-circus/build/utils.js:316:10)\n    at _callCircusTest (/home/runner/workspace/node_modules/jest-circus/build/run.js:218:40)\n    at processTicksAndRejections (node:internal/process/task_queues:95:5)\n    at _runTest (/home/runner/workspace/node_modules/jest-circus/build/run.js:155:3)\n    at _runTestsForDescribeBlock (/home/runner/workspace/node_modules/jest-circus/build/run.js:66:9)\n    at _runTestsForDescribeBlock (/home/runner/workspace/node_modules/jest-circus/build/run.js:60:9)\n    at run (/home/runner/workspace/node_modules/jest-circus/build/run.js:25:3)\n    at runAndTransformResultsToJestFormat (/home/runner/workspace/node_modules/jest-circus/build/legacy-code-todo-rewrite/jestAdapterInit.js:170:21)\n    at jestAdapter (/home/runner/workspace/node_modules/jest-circus/build/legacy-code-todo-rewrite/jestAdapter.js:82:19)\n    at runTestInternal (/home/runner/workspace/node_modules/jest-runner/build/runTest.js:389:16)\n    at runTest (/home/runner/workspace/node_modules/jest-runner/build/runTest.js:475:34)\n    at Object.worker (/home/runner/workspace/node_modules/jest-runner/build/testWorker.js:133:12)"],"fullName":"ThoughtDetailPanel shows tags with correct colors","location":null,"status":"failed","title":"shows tags with correct colors"},{"ancestorTitles":["ThoughtDetailPanel"],"failureMessages":["ReferenceError: React is not defined\n    at Object.<anonymous> (/home/runner/workspace/src/components/__tests__/ThoughtDetailPanel.test.jsx:51:12)\n    at Promise.then.completed (/home/runner/workspace/node_modules/jest-circus/build/utils.js:391:28)\n    at new Promise (<anonymous>)\n    at callAsyncCircusFn (/home/runner/workspace/node_modules/jest-circus/build/utils.js:316:10)\n    at _callCircusTest (/home/runner/workspace/node_modules/jest-circus/build/run.js:218:40)\n    at processTicksAndRejections (node:internal/process/task_queues:95:5)\n    at _runTest (/home/runner/workspace/node_modules/jest-circus/build/run.js:155:3)\n    at _runTestsForDescribeBlock (/home/runner/workspace/node_modules/jest-circus/build/run.js:66:9)\n    at _runTestsForDescribeBlock (/home/runner/workspace/node_modules/jest-circus/build/run.js:60:9)\n    at run (/home/runner/workspace/node_modules/jest-circus/build/run.js:25:3)\n    at runAndTransformResultsToJestFormat (/home/runner/workspace/node_modules/jest-circus/build/legacy-code-todo-rewrite/jestAdapterInit.js:170:21)\n    at jestAdapter (/home/runner/workspace/node_modules/jest-circus/build/legacy-code-todo-rewrite/jestAdapter.js:82:19)\n    at runTestInternal (/home/runner/workspace/node_modules/jest-runner/build/runTest.js:389:16)\n    at runTest (/home/runner/workspace/node_modules/jest-runner/build/runTest.js:475:34)\n    at Object.worker (/home/runner/workspace/node_modules/jest-runner/build/testWorker.js:133:12)"],"fullName":"ThoughtDetailPanel updates thought when edited","location":null,"status":"failed","title":"updates thought when edited"}],"endTime":1746781956156,"message":"\u001b[1m\u001b[31m  \u001b[1m● \u001b[22m\u001b[1mThoughtDetailPanel › renders thought details correctly\u001b[39m\u001b[22m\n\n    ReferenceError: React is not defined\n\u001b[2m\u001b[22m\n\u001b[2m    \u001b[0m \u001b[90m 25 |\u001b[39m\u001b[22m\n\u001b[2m     \u001b[90m 26 |\u001b[39m   test(\u001b[32m'renders thought details correctly'\u001b[39m\u001b[33m,\u001b[39m () \u001b[33m=>\u001b[39m {\u001b[22m\n\u001b[2m    \u001b[31m\u001b[1m>\u001b[22m\u001b[2m\u001b[39m\u001b[90m 27 |\u001b[39m     render(\u001b[33m<\u001b[39m\u001b[33mThoughtDetailPanel\u001b[39m thought\u001b[33m=\u001b[39m{mockThought} setThoughts\u001b[33m=\u001b[39m{mockSetThoughts} \u001b[33m/\u001b[39m\u001b[33m>\u001b[39m)\u001b[33m;\u001b[39m\u001b[22m\n\u001b[2m     \u001b[90m    |\u001b[39m            \u001b[31m\u001b[1m^\u001b[22m\u001b[2m\u001b[39m\u001b[22m\n\u001b[2m     \u001b[90m 28 |\u001b[39m     \u001b[22m\n\u001b[2m     \u001b[90m 29 |\u001b[39m     expect(screen\u001b[33m.\u001b[39mgetByDisplayValue(\u001b[32m'Test Thought'\u001b[39m))\u001b[33m.\u001b[39mtoBeInTheDocument()\u001b[33m;\u001b[39m\u001b[22m\n\u001b[2m     \u001b[90m 30 |\u001b[39m     expect(screen\u001b[33m.\u001b[39mgetByText(\u001b[32m'Test description'\u001b[39m))\u001b[33m.\u001b[39mtoBeInTheDocument()\u001b[33m;\u001b[39m\u001b[0m\u001b[22m\n\u001b[2m\u001b[22m\n\u001b[2m      \u001b[2mat Object.<anonymous> (\u001b[22m\u001b[2m\u001b[0m\u001b[36msrc/components/__tests__/ThoughtDetailPanel.test.jsx\u001b[39m\u001b[0m\u001b[2m:27:12)\u001b[22m\u001b[2m\u001b[22m\n\n\u001b[1m\u001b[31m  \u001b[1m● \u001b[22m\u001b[1mThoughtDetailPanel › displays segment fields\u001b[39m\u001b[22m\n\n    ReferenceError: React is not defined\n\u001b[2m\u001b[22m\n\u001b[2m    \u001b[0m \u001b[90m 33 |\u001b[39m\u001b[22m\n\u001b[2m     \u001b[90m 34 |\u001b[39m   test(\u001b[32m'displays segment fields'\u001b[39m\u001b[33m,\u001b[39m () \u001b[33m=>\u001b[39m {\u001b[22m\n\u001b[2m    \u001b[31m\u001b[1m>\u001b[22m\u001b[2m\u001b[39m\u001b[90m 35 |\u001b[39m     render(\u001b[33m<\u001b[39m\u001b[33mThoughtDetailPanel\u001b[39m thought\u001b[33m=\u001b[39m{mockThought} setThoughts\u001b[33m=\u001b[39m{mockSetThoughts} \u001b[33m/\u001b[39m\u001b[33m>\u001b[39m)\u001b[33m;\u001b[39m\u001b[22m\n\u001b[2m     \u001b[90m    |\u001b[39m            \u001b[31m\u001b[1m^\u001b[22m\u001b[2m\u001b[39m\u001b[22m\n\u001b[2m     \u001b[90m 36 |\u001b[39m     \u001b[22m\n\u001b[2m     \u001b[90m 37 |\u001b[39m     expect(screen\u001b[33m.\u001b[39mgetByText(\u001b[32m'type:'\u001b[39m))\u001b[33m.\u001b[39mtoBeInTheDocument()\u001b[33m;\u001b[39m\u001b[22m\n\u001b[2m     \u001b[90m 38 |\u001b[39m     expect(screen\u001b[33m.\u001b[39mgetByText(\u001b[32m'note'\u001b[39m))\u001b[33m.\u001b[39mtoBeInTheDocument()\u001b[33m;\u001b[39m\u001b[0m\u001b[22m\n\u001b[2m\u001b[22m\n\u001b[2m      \u001b[2mat Object.<anonymous> (\u001b[22m\u001b[2m\u001b[0m\u001b[36msrc/components/__tests__/ThoughtDetailPanel.test.jsx\u001b[39m\u001b[0m\u001b[2m:35:12)\u001b[22m\u001b[2m\u001b[22m\n\n\u001b[1m\u001b[31m  \u001b[1m● \u001b[22m\u001b[1mThoughtDetailPanel › shows tags with correct colors\u001b[39m\u001b[22m\n\n    ReferenceError: React is not defined\n\u001b[2m\u001b[22m\n\u001b[2m    \u001b[0m \u001b[90m 42 |\u001b[39m\u001b[22m\n\u001b[2m     \u001b[90m 43 |\u001b[39m   test(\u001b[32m'shows tags with correct colors'\u001b[39m\u001b[33m,\u001b[39m () \u001b[33m=>\u001b[39m {\u001b[22m\n\u001b[2m    \u001b[31m\u001b[1m>\u001b[22m\u001b[2m\u001b[39m\u001b[90m 44 |\u001b[39m     render(\u001b[33m<\u001b[39m\u001b[33mThoughtDetailPanel\u001b[39m thought\u001b[33m=\u001b[39m{mockThought} setThoughts\u001b[33m=\u001b[39m{mockSetThoughts} \u001b[33m/\u001b[39m\u001b[33m>\u001b[39m)\u001b[33m;\u001b[39m\u001b[22m\n\u001b[2m     \u001b[90m    |\u001b[39m            \u001b[31m\u001b[1m^\u001b[22m\u001b[2m\u001b[39m\u001b[22m\n\u001b[2m     \u001b[90m 45 |\u001b[39m     \u001b[22m\n\u001b[2m     \u001b[90m 46 |\u001b[39m     \u001b[36mconst\u001b[39m tag \u001b[33m=\u001b[39m screen\u001b[33m.\u001b[39mgetByText(\u001b[32m'test'\u001b[39m)\u001b[33m;\u001b[39m\u001b[22m\n\u001b[2m     \u001b[90m 47 |\u001b[39m     expect(tag)\u001b[33m.\u001b[39mtoHaveStyle({ backgroundColor\u001b[33m:\u001b[39m \u001b[32m'#10b981'\u001b[39m })\u001b[33m;\u001b[39m\u001b[0m\u001b[22m\n\u001b[2m\u001b[22m\n\u001b[2m      \u001b[2mat Object.<anonymous> (\u001b[22m\u001b[2m\u001b[0m\u001b[36msrc/components/__tests__/ThoughtDetailPanel.test.jsx\u001b[39m\u001b[0m\u001b[2m:44:12)\u001b[22m\u001b[2m\u001b[22m\n\n\u001b[1m\u001b[31m  \u001b[1m● \u001b[22m\u001b[1mThoughtDetailPanel › updates thought when edited\u001b[39m\u001b[22m\n\n    ReferenceError: React is not defined\n\u001b[2m\u001b[22m\n\u001b[2m    \u001b[0m \u001b[90m 49 |\u001b[39m\u001b[22m\n\u001b[2m     \u001b[90m 50 |\u001b[39m   test(\u001b[32m'updates thought when edited'\u001b[39m\u001b[33m,\u001b[39m () \u001b[33m=>\u001b[39m {\u001b[22m\n\u001b[2m    \u001b[31m\u001b[1m>\u001b[22m\u001b[2m\u001b[39m\u001b[90m 51 |\u001b[39m     render(\u001b[33m<\u001b[39m\u001b[33mThoughtDetailPanel\u001b[39m thought\u001b[33m=\u001b[39m{mockThought} setThoughts\u001b[33m=\u001b[39m{mockSetThoughts} \u001b[33m/\u001b[39m\u001b[33m>\u001b[39m)\u001b[33m;\u001b[39m\u001b[22m\n\u001b[2m     \u001b[90m    |\u001b[39m            \u001b[31m\u001b[1m^\u001b[22m\u001b[2m\u001b[39m\u001b[22m\n\u001b[2m     \u001b[90m 52 |\u001b[39m     \u001b[22m\n\u001b[2m     \u001b[90m 53 |\u001b[39m     \u001b[36mconst\u001b[39m titleInput \u001b[33m=\u001b[39m screen\u001b[33m.\u001b[39mgetByDisplayValue(\u001b[32m'Test Thought'\u001b[39m)\u001b[33m;\u001b[39m\u001b[22m\n\u001b[2m     \u001b[90m 54 |\u001b[39m     fireEvent\u001b[33m.\u001b[39mchange(titleInput\u001b[33m,\u001b[39m { target\u001b[33m:\u001b[39m { value\u001b[33m:\u001b[39m \u001b[32m'Updated Title'\u001b[39m } })\u001b[33m;\u001b[39m\u001b[0m\u001b[22m\n\u001b[2m\u001b[22m\n\u001b[2m      \u001b[2mat Object.<anonymous> (\u001b[22m\u001b[2m\u001b[0m\u001b[36msrc/components/__tests__/ThoughtDetailPanel.test.jsx\u001b[39m\u001b[0m\u001b[2m:51:12)\u001b[22m\u001b[2m\u001b[22m\n","name":"/home/runner/workspace/src/components/__tests__/ThoughtDetailPanel.test.jsx","startTime":1746781942155,"status":"failed","summary":""},{"assertionResults":[{"ancestorTitles":["Sidebar"],"failureMessages":["ReferenceError: React is not defined\n    at Object.<anonymous> (/home/runner/workspace/src/components/__tests__/Sidebar.test.jsx:41:12)\n    at Promise.then.completed (/home/runner/workspace/node_modules/jest-circus/build/utils.js:391:28)\n    at new Promise (<anonymous>)\n    at callAsyncCircusFn (/home/runner/workspace/node_modules/jest-circus/build/utils.js:316:10)\n    at _callCircusTest (/home/runner/workspace/node_modules/jest-circus/build/run.js:218:40)\n    at processTicksAndRejections (node:internal/process/task_queues:95:5)\n    at _runTest (/home/runner/workspace/node_modules/jest-circus/build/run.js:155:3)\n    at _runTestsForDescribeBlock (/home/runner/workspace/node_modules/jest-circus/build/run.js:66:9)\n    at _runTestsForDescribeBlock (/home/runner/workspace/node_modules/jest-circus/build/run.js:60:9)\n    at run (/home/runner/workspace/node_modules/jest-circus/build/run.js:25:3)\n    at runAndTransformResultsToJestFormat (/home/runner/workspace/node_modules/jest-circus/build/legacy-code-todo-rewrite/jestAdapterInit.js:170:21)\n    at jestAdapter (/home/runner/workspace/node_modules/jest-circus/build/legacy-code-todo-rewrite/jestAdapter.js:82:19)\n    at runTestInternal (/home/runner/workspace/node_modules/jest-runner/build/runTest.js:389:16)\n    at runTest (/home/runner/workspace/node_modules/jest-runner/build/runTest.js:475:34)\n    at Object.worker (/home/runner/workspace/node_modules/jest-runner/build/testWorker.js:133:12)"],"fullName":"Sidebar renders all thoughts initially","location":null,"status":"failed","title":"renders all thoughts initially"},{"ancestorTitles":["Sidebar"],"failureMessages":["ReferenceError: React is not defined\n    at Object.<anonymous> (/home/runner/workspace/src/components/__tests__/Sidebar.test.jsx:47:12)\n    at Promise.then.completed (/home/runner/workspace/node_modules/jest-circus/build/utils.js:391:28)\n    at new Promise (<anonymous>)\n    at callAsyncCircusFn (/home/runner/workspace/node_modules/jest-circus/build/utils.js:316:10)\n    at _callCircusTest (/home/runner/workspace/node_modules/jest-circus/build/run.js:218:40)\n    at processTicksAndRejections (node:internal/process/task_queues:95:5)\n    at _runTest (/home/runner/workspace/node_modules/jest-circus/build/run.js:155:3)\n    at _runTestsForDescribeBlock (/home/runner/workspace/node_modules/jest-circus/build/run.js:66:9)\n    at _runTestsForDescribeBlock (/home/runner/workspace/node_modules/jest-circus/build/run.js:60:9)\n    at run (/home/runner/workspace/node_modules/jest-circus/build/run.js:25:3)\n    at runAndTransformResultsToJestFormat (/home/runner/workspace/node_modules/jest-circus/build/legacy-code-todo-rewrite/jestAdapterInit.js:170:21)\n    at jestAdapter (/home/runner/workspace/node_modules/jest-circus/build/legacy-code-todo-rewrite/jestAdapter.js:82:19)\n    at runTestInternal (/home/runner/workspace/node_modules/jest-runner/build/runTest.js:389:16)\n    at runTest (/home/runner/workspace/node_modules/jest-runner/build/runTest.js:475:34)\n    at Object.worker (/home/runner/workspace/node_modules/jest-runner/build/testWorker.js:133:12)"],"fullName":"Sidebar filters thoughts based on field name","location":null,"status":"failed","title":"filters thoughts based on field name"},{"ancestorTitles":["Sidebar"],"failureMessages":["ReferenceError: React is not defined\n    at Object.<anonymous> (/home/runner/workspace/src/components/__tests__/Sidebar.test.jsx:54:12)\n    at Promise.then.completed (/home/runner/workspace/node_modules/jest-circus/build/utils.js:391:28)\n    at new Promise (<anonymous>)\n    at callAsyncCircusFn (/home/runner/workspace/node_modules/jest-circus/build/utils.js:316:10)\n    at _callCircusTest (/home/runner/workspace/node_modules/jest-circus/build/run.js:218:40)\n    at processTicksAndRejections (node:internal/process/task_queues:95:5)\n    at _runTest (/home/runner/workspace/node_modules/jest-circus/build/run.js:155:3)\n    at _runTestsForDescribeBlock (/home/runner/workspace/node_modules/jest-circus/build/run.js:66:9)\n    at _runTestsForDescribeBlock (/home/runner/workspace/node_modules/jest-circus/build/run.js:60:9)\n    at run (/home/runner/workspace/node_modules/jest-circus/build/run.js:25:3)\n    at runAndTransformResultsToJestFormat (/home/runner/workspace/node_modules/jest-circus/build/legacy-code-todo-rewrite/jestAdapterInit.js:170:21)\n    at jestAdapter (/home/runner/workspace/node_modules/jest-circus/build/legacy-code-todo-rewrite/jestAdapter.js:82:19)\n    at runTestInternal (/home/runner/workspace/node_modules/jest-runner/build/runTest.js:389:16)\n    at runTest (/home/runner/workspace/node_modules/jest-runner/build/runTest.js:475:34)\n    at Object.worker (/home/runner/workspace/node_modules/jest-runner/build/testWorker.js:133:12)"],"fullName":"Sidebar resets filters when reset button clicked","location":null,"status":"failed","title":"resets filters when reset button clicked"},{"ancestorTitles":["Sidebar"],"failureMessages":["ReferenceError: React is not defined\n    at Object.<anonymous> (/home/runner/workspace/src/components/__tests__/Sidebar.test.jsx:61:12)\n    at Promise.then.completed (/home/runner/workspace/node_modules/jest-circus/build/utils.js:391:28)\n    at new Promise (<anonymous>)\n    at callAsyncCircusFn (/home/runner/workspace/node_modules/jest-circus/build/utils.js:316:10)\n    at _callCircusTest (/home/runner/workspace/node_modules/jest-circus/build/run.js:218:40)\n    at processTicksAndRejections (node:internal/process/task_queues:95:5)\n    at _runTest (/home/runner/workspace/node_modules/jest-circus/build/run.js:155:3)\n    at _runTestsForDescribeBlock (/home/runner/workspace/node_modules/jest-circus/build/run.js:66:9)\n    at _runTestsForDescribeBlock (/home/runner/workspace/node_modules/jest-circus/build/run.js:60:9)\n    at run (/home/runner/workspace/node_modules/jest-circus/build/run.js:25:3)\n    at runAndTransformResultsToJestFormat (/home/runner/workspace/node_modules/jest-circus/build/legacy-code-todo-rewrite/jestAdapterInit.js:170:21)\n    at jestAdapter (/home/runner/workspace/node_modules/jest-circus/build/legacy-code-todo-rewrite/jestAdapter.js:82:19)\n    at runTestInternal (/home/runner/workspace/node_modules/jest-runner/build/runTest.js:389:16)\n    at runTest (/home/runner/workspace/node_modules/jest-runner/build/runTest.js:475:34)\n    at Object.worker (/home/runner/workspace/node_modules/jest-runner/build/testWorker.js:133:12)"],"fullName":"Sidebar opens add thought modal when button clicked","location":null,"status":"failed","title":"opens add thought modal when button clicked"}],"endTime":1746781956969,"message":"\u001b[1m\u001b[31m  \u001b[1m● \u001b[22m\u001b[1mSidebar › renders all thoughts initially\u001b[39m\u001b[22m\n\n    ReferenceError: React is not defined\n\u001b[2m\u001b[22m\n\u001b[2m    \u001b[0m \u001b[90m 39 |\u001b[39m\u001b[22m\n\u001b[2m     \u001b[90m 40 |\u001b[39m   test(\u001b[32m'renders all thoughts initially'\u001b[39m\u001b[33m,\u001b[39m () \u001b[33m=>\u001b[39m {\u001b[22m\n\u001b[2m    \u001b[31m\u001b[1m>\u001b[22m\u001b[2m\u001b[39m\u001b[90m 41 |\u001b[39m     render(\u001b[33m<\u001b[39m\u001b[33mSidebar\u001b[39m {\u001b[33m...\u001b[39mmockProps} \u001b[33m/\u001b[39m\u001b[33m>\u001b[39m)\u001b[33m;\u001b[39m\u001b[22m\n\u001b[2m     \u001b[90m    |\u001b[39m            \u001b[31m\u001b[1m^\u001b[22m\u001b[2m\u001b[39m\u001b[22m\n\u001b[2m     \u001b[90m 42 |\u001b[39m     expect(screen\u001b[33m.\u001b[39mgetByText(\u001b[32m'Philosophy Thought'\u001b[39m))\u001b[33m.\u001b[39mtoBeInTheDocument()\u001b[33m;\u001b[39m\u001b[22m\n\u001b[2m     \u001b[90m 43 |\u001b[39m     expect(screen\u001b[33m.\u001b[39mgetByText(\u001b[32m'AI Thought'\u001b[39m))\u001b[33m.\u001b[39mtoBeInTheDocument()\u001b[33m;\u001b[39m\u001b[22m\n\u001b[2m     \u001b[90m 44 |\u001b[39m   })\u001b[33m;\u001b[39m\u001b[0m\u001b[22m\n\u001b[2m\u001b[22m\n\u001b[2m      \u001b[2mat Object.<anonymous> (\u001b[22m\u001b[2m\u001b[0m\u001b[36msrc/components/__tests__/Sidebar.test.jsx\u001b[39m\u001b[0m\u001b[2m:41:12)\u001b[22m\u001b[2m\u001b[22m\n\n\u001b[1m\u001b[31m  \u001b[1m● \u001b[22m\u001b[1mSidebar › filters thoughts based on field name\u001b[39m\u001b[22m\n\n    ReferenceError: React is not defined\n\u001b[2m\u001b[22m\n\u001b[2m    \u001b[0m \u001b[90m 45 |\u001b[39m\u001b[22m\n\u001b[2m     \u001b[90m 46 |\u001b[39m   test(\u001b[32m'filters thoughts based on field name'\u001b[39m\u001b[33m,\u001b[39m () \u001b[33m=>\u001b[39m {\u001b[22m\n\u001b[2m    \u001b[31m\u001b[1m>\u001b[22m\u001b[2m\u001b[39m\u001b[90m 47 |\u001b[39m     render(\u001b[33m<\u001b[39m\u001b[33mSidebar\u001b[39m {\u001b[33m...\u001b[39mmockProps} \u001b[33m/\u001b[39m\u001b[33m>\u001b[39m)\u001b[33m;\u001b[39m\u001b[22m\n\u001b[2m     \u001b[90m    |\u001b[39m            \u001b[31m\u001b[1m^\u001b[22m\u001b[2m\u001b[39m\u001b[22m\n\u001b[2m     \u001b[90m 48 |\u001b[39m     \u001b[36mconst\u001b[39m select \u001b[33m=\u001b[39m screen\u001b[33m.\u001b[39mgetByRole(\u001b[32m'combobox'\u001b[39m\u001b[33m,\u001b[39m { multiple\u001b[33m:\u001b[39m \u001b[36mtrue\u001b[39m })\u001b[33m;\u001b[39m\u001b[22m\n\u001b[2m     \u001b[90m 49 |\u001b[39m     fireEvent\u001b[33m.\u001b[39mchange(select\u001b[33m,\u001b[39m { target\u001b[33m:\u001b[39m { value\u001b[33m:\u001b[39m \u001b[32m'domain'\u001b[39m } })\u001b[33m;\u001b[39m\u001b[22m\n\u001b[2m     \u001b[90m 50 |\u001b[39m     expect(mockProps\u001b[33m.\u001b[39msetActiveFilters)\u001b[33m.\u001b[39mtoHaveBeenCalled()\u001b[33m;\u001b[39m\u001b[0m\u001b[22m\n\u001b[2m\u001b[22m\n\u001b[2m      \u001b[2mat Object.<anonymous> (\u001b[22m\u001b[2m\u001b[0m\u001b[36msrc/components/__tests__/Sidebar.test.jsx\u001b[39m\u001b[0m\u001b[2m:47:12)\u001b[22m\u001b[2m\u001b[22m\n\n\u001b[1m\u001b[31m  \u001b[1m● \u001b[22m\u001b[1mSidebar › resets filters when reset button clicked\u001b[39m\u001b[22m\n\n    ReferenceError: React is not defined\n\u001b[2m\u001b[22m\n\u001b[2m    \u001b[0m \u001b[90m 52 |\u001b[39m\u001b[22m\n\u001b[2m     \u001b[90m 53 |\u001b[39m   test(\u001b[32m'resets filters when reset button clicked'\u001b[39m\u001b[33m,\u001b[39m () \u001b[33m=>\u001b[39m {\u001b[22m\n\u001b[2m    \u001b[31m\u001b[1m>\u001b[22m\u001b[2m\u001b[39m\u001b[90m 54 |\u001b[39m     render(\u001b[33m<\u001b[39m\u001b[33mSidebar\u001b[39m {\u001b[33m...\u001b[39mmockProps} \u001b[33m/\u001b[39m\u001b[33m>\u001b[39m)\u001b[33m;\u001b[39m\u001b[22m\n\u001b[2m     \u001b[90m    |\u001b[39m            \u001b[31m\u001b[1m^\u001b[22m\u001b[2m\u001b[39m\u001b[22m\n\u001b[2m     \u001b[90m 55 |\u001b[39m     \u001b[36mconst\u001b[39m resetButton \u001b[33m=\u001b[39m screen\u001b[33m.\u001b[39mgetByText(\u001b[32m'Reset Filters'\u001b[39m)\u001b[33m;\u001b[39m\u001b[22m\n\u001b[2m     \u001b[90m 56 |\u001b[39m     fireEvent\u001b[33m.\u001b[39mclick(resetButton)\u001b[33m;\u001b[39m\u001b[22m\n\u001b[2m     \u001b[90m 57 |\u001b[39m     expect(mockProps\u001b[33m.\u001b[39msetActiveFilters)\u001b[33m.\u001b[39mtoHaveBeenCalledWith([])\u001b[33m;\u001b[39m\u001b[0m\u001b[22m\n\u001b[2m\u001b[22m\n\u001b[2m      \u001b[2mat Object.<anonymous> (\u001b[22m\u001b[2m\u001b[0m\u001b[36msrc/components/__tests__/Sidebar.test.jsx\u001b[39m\u001b[0m\u001b[2m:54:12)\u001b[22m\u001b[2m\u001b[22m\n\n\u001b[1m\u001b[31m  \u001b[1m● \u001b[22m\u001b[1mSidebar › opens add thought modal when button clicked\u001b[39m\u001b[22m\n\n    ReferenceError: React is not defined\n\u001b[2m\u001b[22m\n\u001b[2m    \u001b[0m \u001b[90m 59 |\u001b[39m\u001b[22m\n\u001b[2m     \u001b[90m 60 |\u001b[39m   test(\u001b[32m'opens add thought modal when button clicked'\u001b[39m\u001b[33m,\u001b[39m () \u001b[33m=>\u001b[39m {\u001b[22m\n\u001b[2m    \u001b[31m\u001b[1m>\u001b[22m\u001b[2m\u001b[39m\u001b[90m 61 |\u001b[39m     render(\u001b[33m<\u001b[39m\u001b[33mSidebar\u001b[39m {\u001b[33m...\u001b[39mmockProps} \u001b[33m/\u001b[39m\u001b[33m>\u001b[39m)\u001b[33m;\u001b[39m\u001b[22m\n\u001b[2m     \u001b[90m    |\u001b[39m            \u001b[31m\u001b[1m^\u001b[22m\u001b[2m\u001b[39m\u001b[22m\n\u001b[2m     \u001b[90m 62 |\u001b[39m     \u001b[36mconst\u001b[39m addButton \u001b[33m=\u001b[39m screen\u001b[33m.\u001b[39mgetByText(\u001b[32m'Add New Thought'\u001b[39m)\u001b[33m;\u001b[39m\u001b[22m\n\u001b[2m     \u001b[90m 63 |\u001b[39m     fireEvent\u001b[33m.\u001b[39mclick(addButton)\u001b[33m;\u001b[39m\u001b[22m\n\u001b[2m     \u001b[90m 64 |\u001b[39m     expect(mockProps\u001b[33m.\u001b[39msetShowModal)\u001b[33m.\u001b[39mtoHaveBeenCalledWith(\u001b[36mtrue\u001b[39m)\u001b[33m;\u001b[39m\u001b[0m\u001b[22m\n\u001b[2m\u001b[22m\n\u001b[2m      \u001b[2mat Object.<anonymous> (\u001b[22m\u001b[2m\u001b[0m\u001b[36msrc/components/__tests__/Sidebar.test.jsx\u001b[39m\u001b[0m\u001b[2m:61:12)\u001b[22m\u001b[2m\u001b[22m\n","name":"/home/runner/workspace/src/components/__tests__/Sidebar.test.jsx","startTime":1746781942300,"status":"failed","summary":""},{"assertionResults":[{"ancestorTitles":["AddThoughtModal"],"failureMessages":["ReferenceError: React is not defined\n    at Object.<anonymous> (/home/runner/workspace/src/components/__tests__/AddThoughtModal.test.jsx:20:12)\n    at Promise.then.completed (/home/runner/workspace/node_modules/jest-circus/build/utils.js:391:28)\n    at new Promise (<anonymous>)\n    at callAsyncCircusFn (/home/runner/workspace/node_modules/jest-circus/build/utils.js:316:10)\n    at _callCircusTest (/home/runner/workspace/node_modules/jest-circus/build/run.js:218:40)\n    at processTicksAndRejections (node:internal/process/task_queues:95:5)\n    at _runTest (/home/runner/workspace/node_modules/jest-circus/build/run.js:155:3)\n    at _runTestsForDescribeBlock (/home/runner/workspace/node_modules/jest-circus/build/run.js:66:9)\n    at _runTestsForDescribeBlock (/home/runner/workspace/node_modules/jest-circus/build/run.js:60:9)\n    at run (/home/runner/workspace/node_modules/jest-circus/build/run.js:25:3)\n    at runAndTransformResultsToJestFormat (/home/runner/workspace/node_modules/jest-circus/build/legacy-code-todo-rewrite/jestAdapterInit.js:170:21)\n    at jestAdapter (/home/runner/workspace/node_modules/jest-circus/build/legacy-code-todo-rewrite/jestAdapter.js:82:19)\n    at runTestInternal (/home/runner/workspace/node_modules/jest-runner/build/runTest.js:389:16)\n    at runTest (/home/runner/workspace/node_modules/jest-runner/build/runTest.js:475:34)\n    at Object.worker (/home/runner/workspace/node_modules/jest-runner/build/testWorker.js:133:12)"],"fullName":"AddThoughtModal renders all form elements","location":null,"status":"failed","title":"renders all form elements"},{"ancestorTitles":["AddThoughtModal"],"failureMessages":["ReferenceError: React is not defined\n    at Object.<anonymous> (/home/runner/workspace/src/components/__tests__/AddThoughtModal.test.jsx:29:12)\n    at Promise.then.completed (/home/runner/workspace/node_modules/jest-circus/build/utils.js:391:28)\n    at new Promise (<anonymous>)\n    at callAsyncCircusFn (/home/runner/workspace/node_modules/jest-circus/build/utils.js:316:10)\n    at _callCircusTest (/home/runner/workspace/node_modules/jest-circus/build/run.js:218:40)\n    at processTicksAndRejections (node:internal/process/task_queues:95:5)\n    at _runTest (/home/runner/workspace/node_modules/jest-circus/build/run.js:155:3)\n    at _runTestsForDescribeBlock (/home/runner/workspace/node_modules/jest-circus/build/run.js:66:9)\n    at _runTestsForDescribeBlock (/home/runner/workspace/node_modules/jest-circus/build/run.js:60:9)\n    at run (/home/runner/workspace/node_modules/jest-circus/build/run.js:25:3)\n    at runAndTransformResultsToJestFormat (/home/runner/workspace/node_modules/jest-circus/build/legacy-code-todo-rewrite/jestAdapterInit.js:170:21)\n    at jestAdapter (/home/runner/workspace/node_modules/jest-circus/build/legacy-code-todo-rewrite/jestAdapter.js:82:19)\n    at runTestInternal (/home/runner/workspace/node_modules/jest-runner/build/runTest.js:389:16)\n    at runTest (/home/runner/workspace/node_modules/jest-runner/build/runTest.js:475:34)\n    at Object.worker (/home/runner/workspace/node_modules/jest-runner/build/testWorker.js:133:12)"],"fullName":"AddThoughtModal validates title before submission","location":null,"status":"failed","title":"validates title before submission"},{"ancestorTitles":["AddThoughtModal"],"failureMessages":["ReferenceError: React is not defined\n    at Object.<anonymous> (/home/runner/workspace/src/components/__tests__/AddThoughtModal.test.jsx:39:12)\n    at Promise.then.completed (/home/runner/workspace/node_modules/jest-circus/build/utils.js:391:28)\n    at new Promise (<anonymous>)\n    at callAsyncCircusFn (/home/runner/workspace/node_modules/jest-circus/build/utils.js:316:10)\n    at _callCircusTest (/home/runner/workspace/node_modules/jest-circus/build/run.js:218:40)\n    at processTicksAndRejections (node:internal/process/task_queues:95:5)\n    at _runTest (/home/runner/workspace/node_modules/jest-circus/build/run.js:155:3)\n    at _runTestsForDescribeBlock (/home/runner/workspace/node_modules/jest-circus/build/run.js:66:9)\n    at _runTestsForDescribeBlock (/home/runner/workspace/node_modules/jest-circus/build/run.js:60:9)\n    at run (/home/runner/workspace/node_modules/jest-circus/build/run.js:25:3)\n    at runAndTransformResultsToJestFormat (/home/runner/workspace/node_modules/jest-circus/build/legacy-code-todo-rewrite/jestAdapterInit.js:170:21)\n    at jestAdapter (/home/runner/workspace/node_modules/jest-circus/build/legacy-code-todo-rewrite/jestAdapter.js:82:19)\n    at runTestInternal (/home/runner/workspace/node_modules/jest-runner/build/runTest.js:389:16)\n    at runTest (/home/runner/workspace/node_modules/jest-runner/build/runTest.js:475:34)\n    at Object.worker (/home/runner/workspace/node_modules/jest-runner/build/testWorker.js:133:12)"],"fullName":"AddThoughtModal adds and updates segments","location":null,"status":"failed","title":"adds and updates segments"},{"ancestorTitles":["AddThoughtModal"],"failureMessages":["ReferenceError: React is not defined\n    at Object.<anonymous> (/home/runner/workspace/src/components/__tests__/AddThoughtModal.test.jsx:55:12)\n    at Promise.then.completed (/home/runner/workspace/node_modules/jest-circus/build/utils.js:391:28)\n    at new Promise (<anonymous>)\n    at callAsyncCircusFn (/home/runner/workspace/node_modules/jest-circus/build/utils.js:316:10)\n    at _callCircusTest (/home/runner/workspace/node_modules/jest-circus/build/run.js:218:40)\n    at processTicksAndRejections (node:internal/process/task_queues:95:5)\n    at _runTest (/home/runner/workspace/node_modules/jest-circus/build/run.js:155:3)\n    at _runTestsForDescribeBlock (/home/runner/workspace/node_modules/jest-circus/build/run.js:66:9)\n    at _runTestsForDescribeBlock (/home/runner/workspace/node_modules/jest-circus/build/run.js:60:9)\n    at run (/home/runner/workspace/node_modules/jest-circus/build/run.js:25:3)\n    at runAndTransformResultsToJestFormat (/home/runner/workspace/node_modules/jest-circus/build/legacy-code-todo-rewrite/jestAdapterInit.js:170:21)\n    at jestAdapter (/home/runner/workspace/node_modules/jest-circus/build/legacy-code-todo-rewrite/jestAdapter.js:82:19)\n    at runTestInternal (/home/runner/workspace/node_modules/jest-runner/build/runTest.js:389:16)\n    at runTest (/home/runner/workspace/node_modules/jest-runner/build/runTest.js:475:34)\n    at Object.worker (/home/runner/workspace/node_modules/jest-runner/build/testWorker.js:133:12)"],"fullName":"AddThoughtModal handles tag addition","location":null,"status":"failed","title":"handles tag addition"},{"ancestorTitles":["AddThoughtModal"],"failureMessages":["ReferenceError: React is not defined\n    at Object.<anonymous> (/home/runner/workspace/src/components/__tests__/AddThoughtModal.test.jsx:65:12)\n    at Promise.then.completed (/home/runner/workspace/node_modules/jest-circus/build/utils.js:391:28)\n    at new Promise (<anonymous>)\n    at callAsyncCircusFn (/home/runner/workspace/node_modules/jest-circus/build/utils.js:316:10)\n    at _callCircusTest (/home/runner/workspace/node_modules/jest-circus/build/run.js:218:40)\n    at processTicksAndRejections (node:internal/process/task_queues:95:5)\n    at _runTest (/home/runner/workspace/node_modules/jest-circus/build/run.js:155:3)\n    at _runTestsForDescribeBlock (/home/runner/workspace/node_modules/jest-circus/build/run.js:66:9)\n    at _runTestsForDescribeBlock (/home/runner/workspace/node_modules/jest-circus/build/run.js:60:9)\n    at run (/home/runner/workspace/node_modules/jest-circus/build/run.js:25:3)\n    at runAndTransformResultsToJestFormat (/home/runner/workspace/node_modules/jest-circus/build/legacy-code-todo-rewrite/jestAdapterInit.js:170:21)\n    at jestAdapter (/home/runner/workspace/node_modules/jest-circus/build/legacy-code-todo-rewrite/jestAdapter.js:82:19)\n    at runTestInternal (/home/runner/workspace/node_modules/jest-runner/build/runTest.js:389:16)\n    at runTest (/home/runner/workspace/node_modules/jest-runner/build/runTest.js:475:34)\n    at Object.worker (/home/runner/workspace/node_modules/jest-runner/build/testWorker.js:133:12)"],"fullName":"AddThoughtModal creates thought with correct data structure","location":null,"status":"failed","title":"creates thought with correct data structure"},{"ancestorTitles":[],"failureMessages":["ReferenceError: React is not defined\n    at Object.<anonymous> (/home/runner/workspace/src/components/__tests__/AddThoughtModal.test.jsx:96:7)\n    at Promise.then.completed (/home/runner/workspace/node_modules/jest-circus/build/utils.js:391:28)\n    at new Promise (<anonymous>)\n    at callAsyncCircusFn (/home/runner/workspace/node_modules/jest-circus/build/utils.js:316:10)\n    at _callCircusTest (/home/runner/workspace/node_modules/jest-circus/build/run.js:218:40)\n    at processTicksAndRejections (node:internal/process/task_queues:95:5)\n    at _runTest (/home/runner/workspace/node_modules/jest-circus/build/run.js:155:3)\n    at _runTestsForDescribeBlock (/home/runner/workspace/node_modules/jest-circus/build/run.js:66:9)\n    at run (/home/runner/workspace/node_modules/jest-circus/build/run.js:25:3)\n    at runAndTransformResultsToJestFormat (/home/runner/workspace/node_modules/jest-circus/build/legacy-code-todo-rewrite/jestAdapterInit.js:170:21)\n    at jestAdapter (/home/runner/workspace/node_modules/jest-circus/build/legacy-code-todo-rewrite/jestAdapter.js:82:19)\n    at runTestInternal (/home/runner/workspace/node_modules/jest-runner/build/runTest.js:389:16)\n    at runTest (/home/runner/workspace/node_modules/jest-runner/build/runTest.js:475:34)\n    at Object.worker (/home/runner/workspace/node_modules/jest-runner/build/testWorker.js:133:12)"],"fullName":"handles voice input correctly","location":null,"status":"failed","title":"handles voice input correctly"}],"endTime":1746781957458,"message":"\u001b[1m\u001b[31m  \u001b[1m● \u001b[22m\u001b[1mAddThoughtModal › renders all form elements\u001b[39m\u001b[22m\n\n    ReferenceError: React is not defined\n\u001b[2m\u001b[22m\n\u001b[2m    \u001b[0m \u001b[90m 18 |\u001b[39m\u001b[22m\n\u001b[2m     \u001b[90m 19 |\u001b[39m   test(\u001b[32m'renders all form elements'\u001b[39m\u001b[33m,\u001b[39m () \u001b[33m=>\u001b[39m {\u001b[22m\n\u001b[2m    \u001b[31m\u001b[1m>\u001b[22m\u001b[2m\u001b[39m\u001b[90m 20 |\u001b[39m     render(\u001b[33m<\u001b[39m\u001b[33mAddThoughtModal\u001b[39m createThought\u001b[33m=\u001b[39m{mockCreateThought} onClose\u001b[33m=\u001b[39m{mockOnClose} \u001b[33m/\u001b[39m\u001b[33m>\u001b[39m)\u001b[33m;\u001b[39m\u001b[22m\n\u001b[2m     \u001b[90m    |\u001b[39m            \u001b[31m\u001b[1m^\u001b[22m\u001b[2m\u001b[39m\u001b[22m\n\u001b[2m     \u001b[90m 21 |\u001b[39m     \u001b[22m\n\u001b[2m     \u001b[90m 22 |\u001b[39m     expect(screen\u001b[33m.\u001b[39mgetByPlaceholderText(\u001b[32m'Title'\u001b[39m))\u001b[33m.\u001b[39mtoBeInTheDocument()\u001b[33m;\u001b[39m\u001b[22m\n\u001b[2m     \u001b[90m 23 |\u001b[39m     expect(screen\u001b[33m.\u001b[39mgetByPlaceholderText(\u001b[32m'Description'\u001b[39m))\u001b[33m.\u001b[39mtoBeInTheDocument()\u001b[33m;\u001b[39m\u001b[0m\u001b[22m\n\u001b[2m\u001b[22m\n\u001b[2m      \u001b[2mat Object.<anonymous> (\u001b[22m\u001b[2m\u001b[0m\u001b[36msrc/components/__tests__/AddThoughtModal.test.jsx\u001b[39m\u001b[0m\u001b[2m:20:12)\u001b[22m\u001b[2m\u001b[22m\n\n\u001b[1m\u001b[31m  \u001b[1m● \u001b[22m\u001b[1mAddThoughtModal › validates title before submission\u001b[39m\u001b[22m\n\n    ReferenceError: React is not defined\n\u001b[2m\u001b[22m\n\u001b[2m    \u001b[0m \u001b[90m 27 |\u001b[39m\u001b[22m\n\u001b[2m     \u001b[90m 28 |\u001b[39m   test(\u001b[32m'validates title before submission'\u001b[39m\u001b[33m,\u001b[39m () \u001b[33m=>\u001b[39m {\u001b[22m\n\u001b[2m    \u001b[31m\u001b[1m>\u001b[22m\u001b[2m\u001b[39m\u001b[90m 29 |\u001b[39m     render(\u001b[33m<\u001b[39m\u001b[33mAddThoughtModal\u001b[39m createThought\u001b[33m=\u001b[39m{mockCreateThought} onClose\u001b[33m=\u001b[39m{mockOnClose} \u001b[33m/\u001b[39m\u001b[33m>\u001b[39m)\u001b[33m;\u001b[39m\u001b[22m\n\u001b[2m     \u001b[90m    |\u001b[39m            \u001b[31m\u001b[1m^\u001b[22m\u001b[2m\u001b[39m\u001b[22m\n\u001b[2m     \u001b[90m 30 |\u001b[39m     \u001b[22m\n\u001b[2m     \u001b[90m 31 |\u001b[39m     \u001b[36mconst\u001b[39m submitButton \u001b[33m=\u001b[39m screen\u001b[33m.\u001b[39mgetByText(\u001b[32m'Add Thought'\u001b[39m)\u001b[33m;\u001b[39m\u001b[22m\n\u001b[2m     \u001b[90m 32 |\u001b[39m     fireEvent\u001b[33m.\u001b[39mclick(submitButton)\u001b[33m;\u001b[39m\u001b[0m\u001b[22m\n\u001b[2m\u001b[22m\n\u001b[2m      \u001b[2mat Object.<anonymous> (\u001b[22m\u001b[2m\u001b[0m\u001b[36msrc/components/__tests__/AddThoughtModal.test.jsx\u001b[39m\u001b[0m\u001b[2m:29:12)\u001b[22m\u001b[2m\u001b[22m\n\n\u001b[1m\u001b[31m  \u001b[1m● \u001b[22m\u001b[1mAddThoughtModal › adds and updates segments\u001b[39m\u001b[22m\n\n    ReferenceError: React is not defined\n\u001b[2m\u001b[22m\n\u001b[2m    \u001b[0m \u001b[90m 37 |\u001b[39m\u001b[22m\n\u001b[2m     \u001b[90m 38 |\u001b[39m   test(\u001b[32m'adds and updates segments'\u001b[39m\u001b[33m,\u001b[39m () \u001b[33m=>\u001b[39m {\u001b[22m\n\u001b[2m    \u001b[31m\u001b[1m>\u001b[22m\u001b[2m\u001b[39m\u001b[90m 39 |\u001b[39m     render(\u001b[33m<\u001b[39m\u001b[33mAddThoughtModal\u001b[39m createThought\u001b[33m=\u001b[39m{mockCreateThought} onClose\u001b[33m=\u001b[39m{mockOnClose} \u001b[33m/\u001b[39m\u001b[33m>\u001b[39m)\u001b[33m;\u001b[39m\u001b[22m\n\u001b[2m     \u001b[90m    |\u001b[39m            \u001b[31m\u001b[1m^\u001b[22m\u001b[2m\u001b[39m\u001b[22m\n\u001b[2m     \u001b[90m 40 |\u001b[39m     \u001b[22m\n\u001b[2m     \u001b[90m 41 |\u001b[39m     \u001b[36mconst\u001b[39m addSegmentButton \u001b[33m=\u001b[39m screen\u001b[33m.\u001b[39mgetByText(\u001b[32m'+ Add Segment'\u001b[39m)\u001b[33m;\u001b[39m\u001b[22m\n\u001b[2m     \u001b[90m 42 |\u001b[39m     fireEvent\u001b[33m.\u001b[39mclick(addSegmentButton)\u001b[33m;\u001b[39m\u001b[0m\u001b[22m\n\u001b[2m\u001b[22m\n\u001b[2m      \u001b[2mat Object.<anonymous> (\u001b[22m\u001b[2m\u001b[0m\u001b[36msrc/components/__tests__/AddThoughtModal.test.jsx\u001b[39m\u001b[0m\u001b[2m:39:12)\u001b[22m\u001b[2m\u001b[22m\n\n\u001b[1m\u001b[31m  \u001b[1m● \u001b[22m\u001b[1mAddThoughtModal › handles tag addition\u001b[39m\u001b[22m\n\n    ReferenceError: React is not defined\n\u001b[2m\u001b[22m\n\u001b[2m    \u001b[0m \u001b[90m 53 |\u001b[39m\u001b[22m\n\u001b[2m     \u001b[90m 54 |\u001b[39m   test(\u001b[32m'handles tag addition'\u001b[39m\u001b[33m,\u001b[39m () \u001b[33m=>\u001b[39m {\u001b[22m\n\u001b[2m    \u001b[31m\u001b[1m>\u001b[22m\u001b[2m\u001b[39m\u001b[90m 55 |\u001b[39m     render(\u001b[33m<\u001b[39m\u001b[33mAddThoughtModal\u001b[39m createThought\u001b[33m=\u001b[39m{mockCreateThought} onClose\u001b[33m=\u001b[39m{mockOnClose} \u001b[33m/\u001b[39m\u001b[33m>\u001b[39m)\u001b[33m;\u001b[39m\u001b[22m\n\u001b[2m     \u001b[90m    |\u001b[39m            \u001b[31m\u001b[1m^\u001b[22m\u001b[2m\u001b[39m\u001b[22m\n\u001b[2m     \u001b[90m 56 |\u001b[39m     \u001b[22m\n\u001b[2m     \u001b[90m 57 |\u001b[39m     \u001b[36mconst\u001b[39m tagInput \u001b[33m=\u001b[39m screen\u001b[33m.\u001b[39mgetByPlaceholderText(\u001b[32m'Add Tag'\u001b[39m)\u001b[33m;\u001b[39m\u001b[22m\n\u001b[2m     \u001b[90m 58 |\u001b[39m     fireEvent\u001b[33m.\u001b[39mchange(tagInput\u001b[33m,\u001b[39m { target\u001b[33m:\u001b[39m { value\u001b[33m:\u001b[39m \u001b[32m'test-tag'\u001b[39m } })\u001b[33m;\u001b[39m\u001b[0m\u001b[22m\n\u001b[2m\u001b[22m\n\u001b[2m      \u001b[2mat Object.<anonymous> (\u001b[22m\u001b[2m\u001b[0m\u001b[36msrc/components/__tests__/AddThoughtModal.test.jsx\u001b[39m\u001b[0m\u001b[2m:55:12)\u001b[22m\u001b[2m\u001b[22m\n\n\u001b[1m\u001b[31m  \u001b[1m● \u001b[22m\u001b[1mAddThoughtModal › creates thought with correct data structure\u001b[39m\u001b[22m\n\n    ReferenceError: React is not defined\n\u001b[2m\u001b[22m\n\u001b[2m    \u001b[0m \u001b[90m 63 |\u001b[39m\u001b[22m\n\u001b[2m     \u001b[90m 64 |\u001b[39m   test(\u001b[32m'creates thought with correct data structure'\u001b[39m\u001b[33m,\u001b[39m () \u001b[33m=>\u001b[39m {\u001b[22m\n\u001b[2m    \u001b[31m\u001b[1m>\u001b[22m\u001b[2m\u001b[39m\u001b[90m 65 |\u001b[39m     render(\u001b[33m<\u001b[39m\u001b[33mAddThoughtModal\u001b[39m createThought\u001b[33m=\u001b[39m{mockCreateThought} onClose\u001b[33m=\u001b[39m{mockOnClose} \u001b[33m/\u001b[39m\u001b[33m>\u001b[39m)\u001b[33m;\u001b[39m\u001b[22m\n\u001b[2m     \u001b[90m    |\u001b[39m            \u001b[31m\u001b[1m^\u001b[22m\u001b[2m\u001b[39m\u001b[22m\n\u001b[2m     \u001b[90m 66 |\u001b[39m     \u001b[22m\n\u001b[2m     \u001b[90m 67 |\u001b[39m     fireEvent\u001b[33m.\u001b[39mchange(screen\u001b[33m.\u001b[39mgetByPlaceholderText(\u001b[32m'Title'\u001b[39m)\u001b[33m,\u001b[39m { target\u001b[33m:\u001b[39m { value\u001b[33m:\u001b[39m \u001b[32m'Test Title'\u001b[39m } })\u001b[33m;\u001b[39m\u001b[22m\n\u001b[2m     \u001b[90m 68 |\u001b[39m     fireEvent\u001b[33m.\u001b[39mchange(screen\u001b[33m.\u001b[39mgetByPlaceholderText(\u001b[32m'Description'\u001b[39m)\u001b[33m,\u001b[39m { target\u001b[33m:\u001b[39m { value\u001b[33m:\u001b[39m \u001b[32m'Test Description'\u001b[39m } })\u001b[33m;\u001b[39m\u001b[0m\u001b[22m\n\u001b[2m\u001b[22m\n\u001b[2m      \u001b[2mat Object.<anonymous> (\u001b[22m\u001b[2m\u001b[0m\u001b[36msrc/components/__tests__/AddThoughtModal.test.jsx\u001b[39m\u001b[0m\u001b[2m:65:12)\u001b[22m\u001b[2m\u001b[22m\n\n\u001b[1m\u001b[31m  \u001b[1m● \u001b[22m\u001b[1mhandles voice input correctly\u001b[39m\u001b[22m\n\n    ReferenceError: React is not defined\n\u001b[2m\u001b[22m\n\u001b[2m    \u001b[0m \u001b[90m 94 |\u001b[39m test(\u001b[32m'handles voice input correctly'\u001b[39m\u001b[33m,\u001b[39m () \u001b[33m=>\u001b[39m {\u001b[22m\n\u001b[2m     \u001b[90m 95 |\u001b[39m     \u001b[36mconst\u001b[39m { getByTitle\u001b[33m,\u001b[39m getByPlaceholderText } \u001b[33m=\u001b[39m render(\u001b[22m\n\u001b[2m    \u001b[31m\u001b[1m>\u001b[22m\u001b[2m\u001b[39m\u001b[90m 96 |\u001b[39m       \u001b[33m<\u001b[39m\u001b[33mAddThoughtModal\u001b[39m createThought\u001b[33m=\u001b[39m{mockCreateThought} onClose\u001b[33m=\u001b[39m{mockOnClose} \u001b[33m/\u001b[39m\u001b[33m>\u001b[39m\u001b[22m\n\u001b[2m     \u001b[90m    |\u001b[39m       \u001b[31m\u001b[1m^\u001b[22m\u001b[2m\u001b[39m\u001b[22m\n\u001b[2m     \u001b[90m 97 |\u001b[39m     )\u001b[33m;\u001b[39m\u001b[22m\n\u001b[2m     \u001b[90m 98 |\u001b[39m     \u001b[22m\n\u001b[2m     \u001b[90m 99 |\u001b[39m     \u001b[36mconst\u001b[39m micButton \u001b[33m=\u001b[39m getByTitle(\u001b[32m'Start recording'\u001b[39m)\u001b[33m;\u001b[39m\u001b[0m\u001b[22m\n\u001b[2m\u001b[22m\n\u001b[2m      \u001b[2mat Object.<anonymous> (\u001b[22m\u001b[2m\u001b[0m\u001b[36msrc/components/__tests__/AddThoughtModal.test.jsx\u001b[39m\u001b[0m\u001b[2m:96:7)\u001b[22m\u001b[2m\u001b[22m\n","name":"/home/runner/workspace/src/components/__tests__/AddThoughtModal.test.jsx","startTime":1746781942571,"status":"failed","summary":""},{"assertionResults":[{"ancestorTitles":[],"failureMessages":["ReferenceError: React is not defined\n    at Object.<anonymous> (/home/runner/workspace/src/App.test.js:11:10)\n    at Promise.then.completed (/home/runner/workspace/node_modules/jest-circus/build/utils.js:391:28)\n    at new Promise (<anonymous>)\n    at callAsyncCircusFn (/home/runner/workspace/node_modules/jest-circus/build/utils.js:316:10)\n    at _callCircusTest (/home/runner/workspace/node_modules/jest-circus/build/run.js:218:40)\n    at processTicksAndRejections (node:internal/process/task_queues:95:5)\n    at _runTest (/home/runner/workspace/node_modules/jest-circus/build/run.js:155:3)\n    at _runTestsForDescribeBlock (/home/runner/workspace/node_modules/jest-circus/build/run.js:66:9)\n    at run (/home/runner/workspace/node_modules/jest-circus/build/run.js:25:3)\n    at runAndTransformResultsToJestFormat (/home/runner/workspace/node_modules/jest-circus/build/legacy-code-todo-rewrite/jestAdapterInit.js:170:21)\n    at jestAdapter (/home/runner/workspace/node_modules/jest-circus/build/legacy-code-todo-rewrite/jestAdapter.js:82:19)\n    at runTestInternal (/home/runner/workspace/node_modules/jest-runner/build/runTest.js:389:16)\n    at runTest (/home/runner/workspace/node_modules/jest-runner/build/runTest.js:475:34)\n    at Object.worker (/home/runner/workspace/node_modules/jest-runner/build/testWorker.js:133:12)"],"fullName":"renders main app components","location":null,"status":"failed","title":"renders main app components"}],"endTime":1746781957661,"message":"\u001b[1m\u001b[31m  \u001b[1m● \u001b[22m\u001b[1mrenders main app components\u001b[39m\u001b[22m\n\n    ReferenceError: React is not defined\n\u001b[2m\u001b[22m\n\u001b[2m    \u001b[0m \u001b[90m  9 |\u001b[39m\u001b[22m\n\u001b[2m     \u001b[90m 10 |\u001b[39m test(\u001b[32m'renders main app components'\u001b[39m\u001b[33m,\u001b[39m () \u001b[33m=>\u001b[39m {\u001b[22m\n\u001b[2m    \u001b[31m\u001b[1m>\u001b[22m\u001b[2m\u001b[39m\u001b[90m 11 |\u001b[39m   render(\u001b[33m<\u001b[39m\u001b[33mApp\u001b[39m \u001b[33m/\u001b[39m\u001b[33m>\u001b[39m)\u001b[33m;\u001b[39m\u001b[22m\n\u001b[2m     \u001b[90m    |\u001b[39m          \u001b[31m\u001b[1m^\u001b[22m\u001b[2m\u001b[39m\u001b[22m\n\u001b[2m     \u001b[90m 12 |\u001b[39m   expect(screen\u001b[33m.\u001b[39mgetByTestId(\u001b[32m'canvas-mock'\u001b[39m))\u001b[33m.\u001b[39mtoBeInTheDocument()\u001b[33m;\u001b[39m\u001b[22m\n\u001b[2m     \u001b[90m 13 |\u001b[39m })\u001b[33m;\u001b[39m\u001b[22m\n\u001b[2m     \u001b[90m 14 |\u001b[39m\u001b[0m\u001b[22m\n\u001b[2m\u001b[22m\n\u001b[2m      \u001b[2mat Object.<anonymous> (\u001b[22m\u001b[2m\u001b[0m\u001b[36msrc/App.test.js\u001b[39m\u001b[0m\u001b[2m:11:10)\u001b[22m\u001b[2m\u001b[22m\n","name":"/home/runner/workspace/src/App.test.js","startTime":1746781954359,"status":"failed","summary":""}],"wasInterrupted":false}