Traceback (most recent call last):
  File "/home/ubuntu/LogoMesh/main.py", line 29, in start_purple_agent
    from src.purple_logic.agent import run_purple_agent
  File "/home/ubuntu/LogoMesh/src/purple_logic/agent.py", line 2, in <module>
    import uvicorn
ModuleNotFoundError: No module named 'uvicorn'

During handling of the above exception, another exception occurred:

Traceback (most recent call last):
  File "/home/ubuntu/LogoMesh/main.py", line 63, in <module>
    main()
  File "/home/ubuntu/LogoMesh/main.py", line 57, in main
    start_purple_agent(args)
  File "/home/ubuntu/LogoMesh/main.py", line 31, in start_purple_agent
    from purple_logic.agent import run_purple_agent
  File "/home/ubuntu/LogoMesh/src/purple_logic/agent.py", line 2, in <module>
    import uvicorn
ModuleNotFoundError: No module named 'uvicorn'
